[1.747s] Invoking command in '/home/akhileshk/ros2_ws/build/examples_rclpy_minimal_action_client': PYTHONPATH=/home/akhileshk/ros2_ws/build/examples_rclpy_minimal_action_client/prefix_override:/usr/lib/python3/dist-packages/colcon_core/task/python/colcon_distutils_commands:/home/akhileshk/ros2_ws/install/examples_rclpy_minimal_action_client/lib/python3.10/site-packages:${PYTHONPATH} /usr/bin/python3 -W ignore:setup.py install is deprecated setup.py develop --editable --build-directory /home/akhileshk/ros2_ws/build/examples_rclpy_minimal_action_client/build --no-deps symlink_data
[3.190s] /usr/lib/python3/dist-packages/setuptools/command/easy_install.py:158: EasyInstallDeprecationWarning: easy_install command is deprecated. Use build and pip and other standards-based tools.
[3.191s]   warnings.warn(
[3.191s] running develop
[3.192s] running egg_info
[3.192s] creating examples_rclpy_minimal_action_client.egg-info
[3.192s] writing examples_rclpy_minimal_action_client.egg-info/PKG-INFO
[3.193s] writing dependency_links to examples_rclpy_minimal_action_client.egg-info/dependency_links.txt
[3.197s] writing entry points to examples_rclpy_minimal_action_client.egg-info/entry_points.txt
[3.198s] writing requirements to examples_rclpy_minimal_action_client.egg-info/requires.txt
[3.198s] writing top-level names to examples_rclpy_minimal_action_client.egg-info/top_level.txt
[3.198s] writing manifest file 'examples_rclpy_minimal_action_client.egg-info/SOURCES.txt'
[3.199s] reading manifest file 'examples_rclpy_minimal_action_client.egg-info/SOURCES.txt'
[3.199s] writing manifest file 'examples_rclpy_minimal_action_client.egg-info/SOURCES.txt'
[3.199s] running build_ext
[3.199s] Creating /home/akhileshk/ros2_ws/install/examples_rclpy_minimal_action_client/lib/python3.10/site-packages/examples-rclpy-minimal-action-client.egg-link (link to .)
[3.200s] Installing client script to /home/akhileshk/ros2_ws/install/examples_rclpy_minimal_action_client/lib/examples_rclpy_minimal_action_client
[3.200s] Installing client_asyncio script to /home/akhileshk/ros2_ws/install/examples_rclpy_minimal_action_client/lib/examples_rclpy_minimal_action_client
[3.200s] Installing client_cancel script to /home/akhileshk/ros2_ws/install/examples_rclpy_minimal_action_client/lib/examples_rclpy_minimal_action_client
[3.200s] Installing client_not_composable script to /home/akhileshk/ros2_ws/install/examples_rclpy_minimal_action_client/lib/examples_rclpy_minimal_action_client
[3.201s] 
[3.201s] Installed /home/akhileshk/ros2_ws/build/examples_rclpy_minimal_action_client
[3.205s] running symlink_data
[3.205s] creating /home/akhileshk/ros2_ws/install/examples_rclpy_minimal_action_client/share/ament_index
[3.206s] creating /home/akhileshk/ros2_ws/install/examples_rclpy_minimal_action_client/share/ament_index/resource_index
[3.206s] creating /home/akhileshk/ros2_ws/install/examples_rclpy_minimal_action_client/share/ament_index/resource_index/packages
[3.206s] symbolically linking /home/akhileshk/ros2_ws/build/examples_rclpy_minimal_action_client/resource/examples_rclpy_minimal_action_client -> /home/akhileshk/ros2_ws/install/examples_rclpy_minimal_action_client/share/ament_index/resource_index/packages
[3.206s] symbolically linking /home/akhileshk/ros2_ws/build/examples_rclpy_minimal_action_client/package.xml -> /home/akhileshk/ros2_ws/install/examples_rclpy_minimal_action_client/share/examples_rclpy_minimal_action_client
[4.281s] Invoked command in '/home/akhileshk/ros2_ws/build/examples_rclpy_minimal_action_client' returned '0': PYTHONPATH=/home/akhileshk/ros2_ws/build/examples_rclpy_minimal_action_client/prefix_override:/usr/lib/python3/dist-packages/colcon_core/task/python/colcon_distutils_commands:/home/akhileshk/ros2_ws/install/examples_rclpy_minimal_action_client/lib/python3.10/site-packages:${PYTHONPATH} /usr/bin/python3 -W ignore:setup.py install is deprecated setup.py develop --editable --build-directory /home/akhileshk/ros2_ws/build/examples_rclpy_minimal_action_client/build --no-deps symlink_data
