[0.100s] Invoking command in '/home/akhileshk/ros2_ws/build/examples_rclcpp_minimal_timer': CMAKE_PREFIX_PATH=/opt/ros/humble /usr/bin/cmake /home/akhileshk/ros2_ws/src/examples/rclcpp/timers/minimal_timer -DAMENT_CMAKE_SYMLINK_INSTALL=1 -DCMAKE_INSTALL_PREFIX=/home/akhileshk/ros2_ws/install/examples_rclcpp_minimal_timer
[2.064s] -- The C compiler identification is GNU 11.4.0
[2.455s] -- The CXX compiler identification is GNU 11.4.0
[2.474s] -- Detecting C compiler ABI info
[2.871s] -- Detecting C compiler ABI info - done
[2.941s] -- Check for working C compiler: /usr/bin/cc - skipped
[2.943s] -- Detecting C compile features
[2.974s] -- Detecting C compile features - done
[2.985s] -- Detecting CXX compiler ABI info
[3.528s] -- Detecting CXX compiler ABI info - done
[3.578s] -- Check for working CXX compiler: /usr/bin/c++ - skipped
[3.578s] -- Detecting CXX compile features
[3.578s] -- Detecting CXX compile features - done
[3.629s] -- Found ament_cmake: 1.3.10 (/opt/ros/humble/share/ament_cmake/cmake)
[5.047s] -- Found Python3: /usr/bin/python3 (found version "3.10.12") found components: Interpreter 
[6.847s] -- Override CMake install command with custom implementation using symlinks instead of copying resources
[7.813s] -- Found rclcpp: 16.0.10 (/opt/ros/humble/share/rclcpp/cmake)
[8.835s] -- Found rosidl_generator_c: 3.1.5 (/opt/ros/humble/share/rosidl_generator_c/cmake)
[8.982s] -- Found rosidl_adapter: 3.1.5 (/opt/ros/humble/share/rosidl_adapter/cmake)
[9.245s] -- Found rosidl_generator_cpp: 3.1.5 (/opt/ros/humble/share/rosidl_generator_cpp/cmake)
[9.657s] -- Using all available rosidl_typesupport_c: rosidl_typesupport_fastrtps_c;rosidl_typesupport_introspection_c
[9.799s] -- Using all available rosidl_typesupport_cpp: rosidl_typesupport_fastrtps_cpp;rosidl_typesupport_introspection_cpp
[12.093s] -- Found rmw_implementation_cmake: 6.1.2 (/opt/ros/humble/share/rmw_implementation_cmake/cmake)
[12.118s] -- Found rmw_fastrtps_cpp: 6.2.7 (/opt/ros/humble/share/rmw_fastrtps_cpp/cmake)
[13.315s] -- Found OpenSSL: /usr/lib/x86_64-linux-gnu/libcrypto.so (found version "3.0.2")  
[13.633s] -- Found FastRTPS: /opt/ros/humble/include  
[13.756s] -- Using RMW implementation 'rmw_fastrtps_cpp' as default
[13.857s] -- Looking for pthread.h
[14.115s] -- Looking for pthread.h - found
[14.117s] -- Performing Test CMAKE_HAVE_LIBC_PTHREAD
[14.290s] -- Performing Test CMAKE_HAVE_LIBC_PTHREAD - Success
[14.291s] -- Found Threads: TRUE  
[15.141s] -- Found ament_lint_auto: 0.12.11 (/opt/ros/humble/share/ament_lint_auto/cmake)
[16.444s] -- Added test 'copyright' to check source files copyright and LICENSE
[16.450s] -- Added test 'cppcheck' to perform static code analysis on C / C++ code
[16.452s] -- Configured cppcheck include dirs: 
[16.453s] -- Configured cppcheck exclude dirs and/or files: 
[16.458s] -- Added test 'cpplint' to check C / C++ code against the Google style
[16.459s] -- Configured cpplint exclude dirs and/or files: 
[16.461s] -- Added test 'lint_cmake' to check CMake code style
[16.465s] -- Added test 'uncrustify' to check C / C++ code style
[16.465s] -- Configured uncrustify additional arguments: 
[16.467s] -- Added test 'xmllint' to check XML markup files
[16.474s] -- Configuring done
[16.552s] -- Generating done
[16.559s] -- Build files have been written to: /home/akhileshk/ros2_ws/build/examples_rclcpp_minimal_timer
[21.266s] Invoked command in '/home/akhileshk/ros2_ws/build/examples_rclcpp_minimal_timer' returned '0': CMAKE_PREFIX_PATH=/opt/ros/humble /usr/bin/cmake /home/akhileshk/ros2_ws/src/examples/rclcpp/timers/minimal_timer -DAMENT_CMAKE_SYMLINK_INSTALL=1 -DCMAKE_INSTALL_PREFIX=/home/akhileshk/ros2_ws/install/examples_rclcpp_minimal_timer
[21.272s] Invoking command in '/home/akhileshk/ros2_ws/build/examples_rclcpp_minimal_timer': CMAKE_PREFIX_PATH=/opt/ros/humble /usr/bin/cmake --build /home/akhileshk/ros2_ws/build/examples_rclcpp_minimal_timer -- -j8 -l8
[22.288s] [ 25%] [32mBuilding CXX object CMakeFiles/timer_lambda.dir/lambda.cpp.o[0m
[30.881s] [ 50%] [32m[1mLinking CXX executable timer_lambda[0m
[31.262s] [ 50%] Built target timer_lambda
[31.312s] [ 75%] [32mBuilding CXX object CMakeFiles/timer_member_function.dir/member_function.cpp.o[0m
[41.393s] [100%] [32m[1mLinking CXX executable timer_member_function[0m
[41.701s] [100%] Built target timer_member_function
[41.724s] Invoked command in '/home/akhileshk/ros2_ws/build/examples_rclcpp_minimal_timer' returned '0': CMAKE_PREFIX_PATH=/opt/ros/humble /usr/bin/cmake --build /home/akhileshk/ros2_ws/build/examples_rclcpp_minimal_timer -- -j8 -l8
[41.780s] Invoking command in '/home/akhileshk/ros2_ws/build/examples_rclcpp_minimal_timer': CMAKE_PREFIX_PATH=/opt/ros/humble /usr/bin/cmake --install /home/akhileshk/ros2_ws/build/examples_rclcpp_minimal_timer
[41.791s] -- Install configuration: ""
[41.793s] -- Execute custom install script
[41.795s] -- Symlinking: /home/akhileshk/ros2_ws/install/examples_rclcpp_minimal_timer/lib/examples_rclcpp_minimal_timer/timer_lambda
[41.811s] -- Symlinking: /home/akhileshk/ros2_ws/install/examples_rclcpp_minimal_timer/lib/examples_rclcpp_minimal_timer/timer_member_function
[41.825s] -- Symlinking: /home/akhileshk/ros2_ws/install/examples_rclcpp_minimal_timer/share/ament_index/resource_index/package_run_dependencies/examples_rclcpp_minimal_timer
[41.840s] -- Symlinking: /home/akhileshk/ros2_ws/install/examples_rclcpp_minimal_timer/share/ament_index/resource_index/parent_prefix_path/examples_rclcpp_minimal_timer
[41.851s] -- Symlinking: /home/akhileshk/ros2_ws/install/examples_rclcpp_minimal_timer/share/examples_rclcpp_minimal_timer/environment/ament_prefix_path.sh
[41.867s] -- Symlinking: /home/akhileshk/ros2_ws/install/examples_rclcpp_minimal_timer/share/examples_rclcpp_minimal_timer/environment/ament_prefix_path.dsv
[41.882s] -- Symlinking: /home/akhileshk/ros2_ws/install/examples_rclcpp_minimal_timer/share/examples_rclcpp_minimal_timer/environment/path.sh
[41.896s] -- Symlinking: /home/akhileshk/ros2_ws/install/examples_rclcpp_minimal_timer/share/examples_rclcpp_minimal_timer/environment/path.dsv
[41.913s] -- Symlinking: /home/akhileshk/ros2_ws/install/examples_rclcpp_minimal_timer/share/examples_rclcpp_minimal_timer/local_setup.bash
[41.929s] -- Symlinking: /home/akhileshk/ros2_ws/install/examples_rclcpp_minimal_timer/share/examples_rclcpp_minimal_timer/local_setup.sh
[41.945s] -- Symlinking: /home/akhileshk/ros2_ws/install/examples_rclcpp_minimal_timer/share/examples_rclcpp_minimal_timer/local_setup.zsh
[41.963s] -- Symlinking: /home/akhileshk/ros2_ws/install/examples_rclcpp_minimal_timer/share/examples_rclcpp_minimal_timer/local_setup.dsv
[41.982s] -- Symlinking: /home/akhileshk/ros2_ws/install/examples_rclcpp_minimal_timer/share/examples_rclcpp_minimal_timer/package.dsv
[42.000s] -- Symlinking: /home/akhileshk/ros2_ws/install/examples_rclcpp_minimal_timer/share/ament_index/resource_index/packages/examples_rclcpp_minimal_timer
[42.017s] -- Symlinking: /home/akhileshk/ros2_ws/install/examples_rclcpp_minimal_timer/share/examples_rclcpp_minimal_timer/cmake/examples_rclcpp_minimal_timerConfig.cmake
[42.032s] -- Symlinking: /home/akhileshk/ros2_ws/install/examples_rclcpp_minimal_timer/share/examples_rclcpp_minimal_timer/cmake/examples_rclcpp_minimal_timerConfig-version.cmake
[42.046s] -- Symlinking: /home/akhileshk/ros2_ws/install/examples_rclcpp_minimal_timer/share/examples_rclcpp_minimal_timer/package.xml
[42.067s] Invoked command in '/home/akhileshk/ros2_ws/build/examples_rclcpp_minimal_timer' returned '0': CMAKE_PREFIX_PATH=/opt/ros/humble /usr/bin/cmake --install /home/akhileshk/ros2_ws/build/examples_rclcpp_minimal_timer
