[10.826s] Invoking command in '/home/akhileshk/ros2_ws/build/examples_rclpy_executors': PYTHONPATH=/home/akhileshk/ros2_ws/build/examples_rclpy_executors/prefix_override:/usr/lib/python3/dist-packages/colcon_core/task/python/colcon_distutils_commands:/home/akhileshk/ros2_ws/install/examples_rclpy_executors/lib/python3.10/site-packages:${PYTHONPATH} /usr/bin/python3 -W ignore:setup.py install is deprecated setup.py develop --editable --build-directory /home/akhileshk/ros2_ws/build/examples_rclpy_executors/build --no-deps symlink_data
[12.430s] running develop
[12.430s] running egg_info
[12.430s] creating examples_rclpy_executors.egg-info
[12.431s] writing examples_rclpy_executors.egg-info/PKG-INFO
[12.431s] writing dependency_links to examples_rclpy_executors.egg-info/dependency_links.txt
[12.432s] writing entry points to examples_rclpy_executors.egg-info/entry_points.txt
[12.432s] writing requirements to examples_rclpy_executors.egg-info/requires.txt
[12.433s] writing top-level names to examples_rclpy_executors.egg-info/top_level.txt
[12.433s] writing manifest file 'examples_rclpy_executors.egg-info/SOURCES.txt'
[12.433s] reading manifest file 'examples_rclpy_executors.egg-info/SOURCES.txt'
[12.433s] writing manifest file 'examples_rclpy_executors.egg-info/SOURCES.txt'
[12.434s] running build_ext
[12.434s] Creating /home/akhileshk/ros2_ws/install/examples_rclpy_executors/lib/python3.10/site-packages/examples-rclpy-executors.egg-link (link to .)
[12.434s] Installing callback_group script to /home/akhileshk/ros2_ws/install/examples_rclpy_executors/lib/examples_rclpy_executors
[12.434s] Installing composed script to /home/akhileshk/ros2_ws/install/examples_rclpy_executors/lib/examples_rclpy_executors
[12.435s] Installing custom_callback_group script to /home/akhileshk/ros2_ws/install/examples_rclpy_executors/lib/examples_rclpy_executors
[12.435s] Installing custom_executor script to /home/akhileshk/ros2_ws/install/examples_rclpy_executors/lib/examples_rclpy_executors
[12.435s] Installing listener script to /home/akhileshk/ros2_ws/install/examples_rclpy_executors/lib/examples_rclpy_executors
[12.441s] Installing talker script to /home/akhileshk/ros2_ws/install/examples_rclpy_executors/lib/examples_rclpy_executors
[12.442s] 
[12.442s] Installed /home/akhileshk/ros2_ws/build/examples_rclpy_executors
[12.442s] running symlink_data
[12.443s] creating /home/akhileshk/ros2_ws/install/examples_rclpy_executors/share/ament_index
[12.443s] creating /home/akhileshk/ros2_ws/install/examples_rclpy_executors/share/ament_index/resource_index
[12.443s] creating /home/akhileshk/ros2_ws/install/examples_rclpy_executors/share/ament_index/resource_index/packages
[12.443s] symbolically linking /home/akhileshk/ros2_ws/build/examples_rclpy_executors/resource/examples_rclpy_executors -> /home/akhileshk/ros2_ws/install/examples_rclpy_executors/share/ament_index/resource_index/packages
[12.444s] symbolically linking /home/akhileshk/ros2_ws/build/examples_rclpy_executors/package.xml -> /home/akhileshk/ros2_ws/install/examples_rclpy_executors/share/examples_rclpy_executors
[12.444s] /usr/lib/python3/dist-packages/setuptools/command/easy_install.py:158: EasyInstallDeprecationWarning: easy_install command is deprecated. Use build and pip and other standards-based tools.
[12.444s]   warnings.warn(
[12.448s] Invoked command in '/home/akhileshk/ros2_ws/build/examples_rclpy_executors' returned '0': PYTHONPATH=/home/akhileshk/ros2_ws/build/examples_rclpy_executors/prefix_override:/usr/lib/python3/dist-packages/colcon_core/task/python/colcon_distutils_commands:/home/akhileshk/ros2_ws/install/examples_rclpy_executors/lib/python3.10/site-packages:${PYTHONPATH} /usr/bin/python3 -W ignore:setup.py install is deprecated setup.py develop --editable --build-directory /home/akhileshk/ros2_ws/build/examples_rclpy_executors/build --no-deps symlink_data
