[1.807s] Invoking command in '/home/akhileshk/ros2_ws/build/examples_rclpy_pointcloud_publisher': PYTHONPATH=/home/akhileshk/ros2_ws/build/examples_rclpy_pointcloud_publisher/prefix_override:/usr/lib/python3/dist-packages/colcon_core/task/python/colcon_distutils_commands:/home/akhileshk/ros2_ws/install/examples_rclpy_pointcloud_publisher/lib/python3.10/site-packages:${PYTHONPATH} /usr/bin/python3 -W ignore:setup.py install is deprecated setup.py develop --editable --build-directory /home/akhileshk/ros2_ws/build/examples_rclpy_pointcloud_publisher/build --no-deps symlink_data
[3.113s] running develop
[3.113s] running egg_info
[3.113s] creating examples_rclpy_pointcloud_publisher.egg-info
[3.114s] writing examples_rclpy_pointcloud_publisher.egg-info/PKG-INFO
[3.114s] writing dependency_links to examples_rclpy_pointcloud_publisher.egg-info/dependency_links.txt
[3.114s] writing entry points to examples_rclpy_pointcloud_publisher.egg-info/entry_points.txt
[3.115s] writing requirements to examples_rclpy_pointcloud_publisher.egg-info/requires.txt
[3.115s] writing top-level names to examples_rclpy_pointcloud_publisher.egg-info/top_level.txt
[3.115s] writing manifest file 'examples_rclpy_pointcloud_publisher.egg-info/SOURCES.txt'
[3.115s] reading manifest file 'examples_rclpy_pointcloud_publisher.egg-info/SOURCES.txt'
[3.117s] writing manifest file 'examples_rclpy_pointcloud_publisher.egg-info/SOURCES.txt'
[3.117s] running build_ext
[3.118s] Creating /home/akhileshk/ros2_ws/install/examples_rclpy_pointcloud_publisher/lib/python3.10/site-packages/examples-rclpy-pointcloud-publisher.egg-link (link to .)
[3.118s] Installing pointcloud_publisher script to /home/akhileshk/ros2_ws/install/examples_rclpy_pointcloud_publisher/lib/examples_rclpy_pointcloud_publisher
[3.118s] 
[3.119s] Installed /home/akhileshk/ros2_ws/build/examples_rclpy_pointcloud_publisher
[3.119s] running symlink_data
[3.119s] creating /home/akhileshk/ros2_ws/install/examples_rclpy_pointcloud_publisher/share/ament_index
[3.119s] creating /home/akhileshk/ros2_ws/install/examples_rclpy_pointcloud_publisher/share/ament_index/resource_index
[3.119s] creating /home/akhileshk/ros2_ws/install/examples_rclpy_pointcloud_publisher/share/ament_index/resource_index/packages
[3.120s] symbolically linking /home/akhileshk/ros2_ws/build/examples_rclpy_pointcloud_publisher/resource/examples_rclpy_pointcloud_publisher -> /home/akhileshk/ros2_ws/install/examples_rclpy_pointcloud_publisher/share/ament_index/resource_index/packages
[3.120s] symbolically linking /home/akhileshk/ros2_ws/build/examples_rclpy_pointcloud_publisher/package.xml -> /home/akhileshk/ros2_ws/install/examples_rclpy_pointcloud_publisher/share/examples_rclpy_pointcloud_publisher
[3.120s] /usr/lib/python3/dist-packages/setuptools/command/easy_install.py:158: EasyInstallDeprecationWarning: easy_install command is deprecated. Use build and pip and other standards-based tools.
[3.120s]   warnings.warn(
[3.144s] Invoked command in '/home/akhileshk/ros2_ws/build/examples_rclpy_pointcloud_publisher' returned '0': PYTHONPATH=/home/akhileshk/ros2_ws/build/examples_rclpy_pointcloud_publisher/prefix_override:/usr/lib/python3/dist-packages/colcon_core/task/python/colcon_distutils_commands:/home/akhileshk/ros2_ws/install/examples_rclpy_pointcloud_publisher/lib/python3.10/site-packages:${PYTHONPATH} /usr/bin/python3 -W ignore:setup.py install is deprecated setup.py develop --editable --build-directory /home/akhileshk/ros2_ws/build/examples_rclpy_pointcloud_publisher/build --no-deps symlink_data
