[0.128s] Invoking command in '/home/akhileshk/ros2_ws/build/examples_rclcpp_multithreaded_executor': CMAKE_PREFIX_PATH=/opt/ros/humble /usr/bin/cmake /home/akhileshk/ros2_ws/src/examples/rclcpp/executors/multithreaded_executor -DAMENT_CMAKE_SYMLINK_INSTALL=1 -DCMAKE_INSTALL_PREFIX=/home/akhileshk/ros2_ws/install/examples_rclcpp_multithreaded_executor
[0.693s] -- The C compiler identification is GNU 11.4.0
[1.126s] -- The CXX compiler identification is GNU 11.4.0
[1.153s] -- Detecting C compiler ABI info
[1.550s] -- Detecting C compiler ABI info - done
[1.579s] -- Check for working C compiler: /usr/bin/cc - skipped
[1.585s] -- Detecting C compile features
[1.612s] -- Detecting C compile features - done
[1.626s] -- Detecting CXX compiler ABI info
[2.069s] -- Detecting CXX compiler ABI info - done
[2.147s] -- Check for working CXX compiler: /usr/bin/c++ - skipped
[2.150s] -- Detecting CXX compile features
[2.153s] -- Detecting CXX compile features - done
[2.272s] -- Found ament_cmake: 1.3.10 (/opt/ros/humble/share/ament_cmake/cmake)
[3.681s] -- Found Python3: /usr/bin/python3 (found version "3.10.12") found components: Interpreter 
[5.490s] -- Override CMake install command with custom implementation using symlinks instead of copying resources
[6.457s] -- Found rclcpp: 16.0.10 (/opt/ros/humble/share/rclcpp/cmake)
[7.478s] -- Found rosidl_generator_c: 3.1.5 (/opt/ros/humble/share/rosidl_generator_c/cmake)
[7.625s] -- Found rosidl_adapter: 3.1.5 (/opt/ros/humble/share/rosidl_adapter/cmake)
[7.887s] -- Found rosidl_generator_cpp: 3.1.5 (/opt/ros/humble/share/rosidl_generator_cpp/cmake)
[8.306s] -- Using all available rosidl_typesupport_c: rosidl_typesupport_fastrtps_c;rosidl_typesupport_introspection_c
[8.442s] -- Using all available rosidl_typesupport_cpp: rosidl_typesupport_fastrtps_cpp;rosidl_typesupport_introspection_cpp
[10.736s] -- Found rmw_implementation_cmake: 6.1.2 (/opt/ros/humble/share/rmw_implementation_cmake/cmake)
[10.760s] -- Found rmw_fastrtps_cpp: 6.2.7 (/opt/ros/humble/share/rmw_fastrtps_cpp/cmake)
[11.956s] -- Found OpenSSL: /usr/lib/x86_64-linux-gnu/libcrypto.so (found version "3.0.2")  
[12.275s] -- Found FastRTPS: /opt/ros/humble/include  
[12.397s] -- Using RMW implementation 'rmw_fastrtps_cpp' as default
[12.500s] -- Looking for pthread.h
[12.759s] -- Looking for pthread.h - found
[12.761s] -- Performing Test CMAKE_HAVE_LIBC_PTHREAD
[12.932s] -- Performing Test CMAKE_HAVE_LIBC_PTHREAD - Success
[12.934s] -- Found Threads: TRUE  
[13.784s] -- Found ament_lint_auto: 0.12.11 (/opt/ros/humble/share/ament_lint_auto/cmake)
[15.088s] -- Added test 'copyright' to check source files copyright and LICENSE
[15.094s] -- Added test 'cppcheck' to perform static code analysis on C / C++ code
[15.097s] -- Configured cppcheck include dirs: 
[15.097s] -- Configured cppcheck exclude dirs and/or files: 
[15.100s] -- Added test 'cpplint' to check C / C++ code against the Google style
[15.101s] -- Configured cpplint exclude dirs and/or files: 
[15.105s] -- Added test 'lint_cmake' to check CMake code style
[15.109s] -- Added test 'uncrustify' to check C / C++ code style
[15.109s] -- Configured uncrustify additional arguments: 
[15.110s] -- Added test 'xmllint' to check XML markup files
[15.120s] -- Configuring done
[15.187s] -- Generating done
[15.196s] -- Build files have been written to: /home/akhileshk/ros2_ws/build/examples_rclcpp_multithreaded_executor
[19.923s] Invoked command in '/home/akhileshk/ros2_ws/build/examples_rclcpp_multithreaded_executor' returned '0': CMAKE_PREFIX_PATH=/opt/ros/humble /usr/bin/cmake /home/akhileshk/ros2_ws/src/examples/rclcpp/executors/multithreaded_executor -DAMENT_CMAKE_SYMLINK_INSTALL=1 -DCMAKE_INSTALL_PREFIX=/home/akhileshk/ros2_ws/install/examples_rclcpp_multithreaded_executor
[19.935s] Invoking command in '/home/akhileshk/ros2_ws/build/examples_rclcpp_multithreaded_executor': CMAKE_PREFIX_PATH=/opt/ros/humble /usr/bin/cmake --build /home/akhileshk/ros2_ws/build/examples_rclcpp_multithreaded_executor -- -j8 -l8
[20.931s] [ 50%] [32mBuilding CXX object CMakeFiles/multithreaded_executor.dir/multithreaded_executor.cpp.o[0m
[44.952s] [100%] [32m[1mLinking CXX executable multithreaded_executor[0m
[45.874s] [100%] Built target multithreaded_executor
[45.891s] Invoked command in '/home/akhileshk/ros2_ws/build/examples_rclcpp_multithreaded_executor' returned '0': CMAKE_PREFIX_PATH=/opt/ros/humble /usr/bin/cmake --build /home/akhileshk/ros2_ws/build/examples_rclcpp_multithreaded_executor -- -j8 -l8
[45.925s] Invoking command in '/home/akhileshk/ros2_ws/build/examples_rclcpp_multithreaded_executor': CMAKE_PREFIX_PATH=/opt/ros/humble /usr/bin/cmake --install /home/akhileshk/ros2_ws/build/examples_rclcpp_multithreaded_executor
[45.938s] -- Install configuration: ""
[45.939s] -- Execute custom install script
[45.939s] -- Symlinking: /home/akhileshk/ros2_ws/install/examples_rclcpp_multithreaded_executor/lib/examples_rclcpp_multithreaded_executor/multithreaded_executor
[45.952s] -- Symlinking: /home/akhileshk/ros2_ws/install/examples_rclcpp_multithreaded_executor/share/ament_index/resource_index/package_run_dependencies/examples_rclcpp_multithreaded_executor
[45.963s] -- Symlinking: /home/akhileshk/ros2_ws/install/examples_rclcpp_multithreaded_executor/share/ament_index/resource_index/parent_prefix_path/examples_rclcpp_multithreaded_executor
[45.975s] -- Symlinking: /home/akhileshk/ros2_ws/install/examples_rclcpp_multithreaded_executor/share/examples_rclcpp_multithreaded_executor/environment/ament_prefix_path.sh
[45.989s] -- Symlinking: /home/akhileshk/ros2_ws/install/examples_rclcpp_multithreaded_executor/share/examples_rclcpp_multithreaded_executor/environment/ament_prefix_path.dsv
[46.004s] -- Symlinking: /home/akhileshk/ros2_ws/install/examples_rclcpp_multithreaded_executor/share/examples_rclcpp_multithreaded_executor/environment/path.sh
[46.018s] -- Symlinking: /home/akhileshk/ros2_ws/install/examples_rclcpp_multithreaded_executor/share/examples_rclcpp_multithreaded_executor/environment/path.dsv
[46.031s] -- Symlinking: /home/akhileshk/ros2_ws/install/examples_rclcpp_multithreaded_executor/share/examples_rclcpp_multithreaded_executor/local_setup.bash
[46.044s] -- Symlinking: /home/akhileshk/ros2_ws/install/examples_rclcpp_multithreaded_executor/share/examples_rclcpp_multithreaded_executor/local_setup.sh
[46.058s] -- Symlinking: /home/akhileshk/ros2_ws/install/examples_rclcpp_multithreaded_executor/share/examples_rclcpp_multithreaded_executor/local_setup.zsh
[46.072s] -- Symlinking: /home/akhileshk/ros2_ws/install/examples_rclcpp_multithreaded_executor/share/examples_rclcpp_multithreaded_executor/local_setup.dsv
[46.087s] -- Symlinking: /home/akhileshk/ros2_ws/install/examples_rclcpp_multithreaded_executor/share/examples_rclcpp_multithreaded_executor/package.dsv
[46.101s] -- Symlinking: /home/akhileshk/ros2_ws/install/examples_rclcpp_multithreaded_executor/share/ament_index/resource_index/packages/examples_rclcpp_multithreaded_executor
[46.114s] -- Symlinking: /home/akhileshk/ros2_ws/install/examples_rclcpp_multithreaded_executor/share/examples_rclcpp_multithreaded_executor/cmake/examples_rclcpp_multithreaded_executorConfig.cmake
[46.127s] -- Symlinking: /home/akhileshk/ros2_ws/install/examples_rclcpp_multithreaded_executor/share/examples_rclcpp_multithreaded_executor/cmake/examples_rclcpp_multithreaded_executorConfig-version.cmake
[46.141s] -- Symlinking: /home/akhileshk/ros2_ws/install/examples_rclcpp_multithreaded_executor/share/examples_rclcpp_multithreaded_executor/package.xml
[46.158s] Invoked command in '/home/akhileshk/ros2_ws/build/examples_rclcpp_multithreaded_executor' returned '0': CMAKE_PREFIX_PATH=/opt/ros/humble /usr/bin/cmake --install /home/akhileshk/ros2_ws/build/examples_rclcpp_multithreaded_executor
