[4.716s] Invoking command in '/home/akhileshk/ros2_ws/build/examples_rclpy_minimal_client': PYTHONPATH=/home/akhileshk/ros2_ws/build/examples_rclpy_minimal_client/prefix_override:/usr/lib/python3/dist-packages/colcon_core/task/python/colcon_distutils_commands:/home/akhileshk/ros2_ws/install/examples_rclpy_minimal_client/lib/python3.10/site-packages:${PYTHONPATH} /usr/bin/python3 -W ignore:setup.py install is deprecated setup.py develop --editable --build-directory /home/akhileshk/ros2_ws/build/examples_rclpy_minimal_client/build --no-deps symlink_data
[6.380s] running develop
[6.381s] running egg_info
[6.382s] creating examples_rclpy_minimal_client.egg-info
[6.382s] writing examples_rclpy_minimal_client.egg-info/PKG-INFO
[6.382s] writing dependency_links to examples_rclpy_minimal_client.egg-info/dependency_links.txt
[6.388s] writing entry points to examples_rclpy_minimal_client.egg-info/entry_points.txt
[6.388s] writing requirements to examples_rclpy_minimal_client.egg-info/requires.txt
[6.388s] writing top-level names to examples_rclpy_minimal_client.egg-info/top_level.txt
[6.388s] writing manifest file 'examples_rclpy_minimal_client.egg-info/SOURCES.txt'
[6.389s] /usr/lib/python3/dist-packages/setuptools/command/easy_install.py:158: EasyInstallDeprecationWarning: easy_install command is deprecated. Use build and pip and other standards-based tools.
[6.389s]   warnings.warn(
[6.394s] reading manifest file 'examples_rclpy_minimal_client.egg-info/SOURCES.txt'
[6.411s] writing manifest file 'examples_rclpy_minimal_client.egg-info/SOURCES.txt'
[6.412s] running build_ext
[6.412s] Creating /home/akhileshk/ros2_ws/install/examples_rclpy_minimal_client/lib/python3.10/site-packages/examples-rclpy-minimal-client.egg-link (link to .)
[6.442s] Installing client script to /home/akhileshk/ros2_ws/install/examples_rclpy_minimal_client/lib/examples_rclpy_minimal_client
[6.442s] Installing client_async script to /home/akhileshk/ros2_ws/install/examples_rclpy_minimal_client/lib/examples_rclpy_minimal_client
[6.445s] Installing client_async_callback script to /home/akhileshk/ros2_ws/install/examples_rclpy_minimal_client/lib/examples_rclpy_minimal_client
[6.446s] Installing client_async_member_function script to /home/akhileshk/ros2_ws/install/examples_rclpy_minimal_client/lib/examples_rclpy_minimal_client
[6.446s] 
[6.446s] Installed /home/akhileshk/ros2_ws/build/examples_rclpy_minimal_client
[6.446s] running symlink_data
[6.450s] creating /home/akhileshk/ros2_ws/install/examples_rclpy_minimal_client/share/ament_index
[6.450s] creating /home/akhileshk/ros2_ws/install/examples_rclpy_minimal_client/share/ament_index/resource_index
[6.450s] creating /home/akhileshk/ros2_ws/install/examples_rclpy_minimal_client/share/ament_index/resource_index/packages
[6.482s] symbolically linking /home/akhileshk/ros2_ws/build/examples_rclpy_minimal_client/resource/examples_rclpy_minimal_client -> /home/akhileshk/ros2_ws/install/examples_rclpy_minimal_client/share/ament_index/resource_index/packages
[6.482s] symbolically linking /home/akhileshk/ros2_ws/build/examples_rclpy_minimal_client/package.xml -> /home/akhileshk/ros2_ws/install/examples_rclpy_minimal_client/share/examples_rclpy_minimal_client
[8.383s] Invoked command in '/home/akhileshk/ros2_ws/build/examples_rclpy_minimal_client' returned '0': PYTHONPATH=/home/akhileshk/ros2_ws/build/examples_rclpy_minimal_client/prefix_override:/usr/lib/python3/dist-packages/colcon_core/task/python/colcon_distutils_commands:/home/akhileshk/ros2_ws/install/examples_rclpy_minimal_client/lib/python3.10/site-packages:${PYTHONPATH} /usr/bin/python3 -W ignore:setup.py install is deprecated setup.py develop --editable --build-directory /home/akhileshk/ros2_ws/build/examples_rclpy_minimal_client/build --no-deps symlink_data
