[0.037s] Invoking command in '/home/akhileshk/ros2_ws/build/examples_rclcpp_minimal_composition': CMAKE_PREFIX_PATH=/opt/ros/humble /usr/bin/cmake /home/akhileshk/ros2_ws/src/examples/rclcpp/composition/minimal_composition -DAMENT_CMAKE_SYMLINK_INSTALL=1 -DCMAKE_INSTALL_PREFIX=/home/akhileshk/ros2_ws/install/examples_rclcpp_minimal_composition
[0.110s] -- The C compiler identification is GNU 11.4.0
[0.622s] -- The CXX compiler identification is GNU 11.4.0
[0.635s] -- Detecting C compiler ABI info
[0.768s] -- Detecting C compiler ABI info - done
[0.789s] -- Check for working C compiler: /usr/bin/cc - skipped
[0.790s] -- Detecting C compile features
[0.791s] -- Detecting C compile features - done
[0.796s] -- Detecting CXX compiler ABI info
[0.955s] -- Detecting CXX compiler ABI info - done
[0.976s] -- Check for working CXX compiler: /usr/bin/c++ - skipped
[0.976s] -- Detecting CXX compile features
[0.980s] -- Detecting CXX compile features - done
[0.980s] -- Found ament_cmake: 1.3.10 (/opt/ros/humble/share/ament_cmake/cmake)
[1.302s] -- Found Python3: /usr/bin/python3 (found version "3.10.12") found components: Interpreter 
[1.441s] -- Override CMake install command with custom implementation using symlinks instead of copying resources
[1.481s] -- Found rclcpp: 16.0.10 (/opt/ros/humble/share/rclcpp/cmake)
[1.558s] -- Found rosidl_generator_c: 3.1.5 (/opt/ros/humble/share/rosidl_generator_c/cmake)
[1.565s] -- Found rosidl_adapter: 3.1.5 (/opt/ros/humble/share/rosidl_adapter/cmake)
[1.579s] -- Found rosidl_generator_cpp: 3.1.5 (/opt/ros/humble/share/rosidl_generator_cpp/cmake)
[1.601s] -- Using all available rosidl_typesupport_c: rosidl_typesupport_fastrtps_c;rosidl_typesupport_introspection_c
[1.634s] -- Using all available rosidl_typesupport_cpp: rosidl_typesupport_fastrtps_cpp;rosidl_typesupport_introspection_cpp
[1.705s] -- Found rmw_implementation_cmake: 6.1.2 (/opt/ros/humble/share/rmw_implementation_cmake/cmake)
[1.709s] -- Found rmw_fastrtps_cpp: 6.2.7 (/opt/ros/humble/share/rmw_fastrtps_cpp/cmake)
[1.899s] -- Found OpenSSL: /usr/lib/x86_64-linux-gnu/libcrypto.so (found version "3.0.2")  
[1.951s] -- Found FastRTPS: /opt/ros/humble/include  
[2.031s] -- Using RMW implementation 'rmw_fastrtps_cpp' as default
[2.063s] -- Looking for pthread.h
[2.714s] -- Looking for pthread.h - found
[2.714s] -- Performing Test CMAKE_HAVE_LIBC_PTHREAD
[2.867s] -- Performing Test CMAKE_HAVE_LIBC_PTHREAD - Success
[2.870s] -- Found Threads: TRUE  
[2.976s] -- Found rclcpp_components: 16.0.10 (/opt/ros/humble/share/rclcpp_components/cmake)
[3.035s] -- Found ament_lint_auto: 0.12.11 (/opt/ros/humble/share/ament_lint_auto/cmake)
[3.174s] -- Added test 'copyright' to check source files copyright and LICENSE
[3.174s] -- Added test 'cppcheck' to perform static code analysis on C / C++ code
[3.174s] -- Configured cppcheck include dirs: /home/akhileshk/ros2_ws/src/examples/rclcpp/composition/minimal_composition/include
[3.174s] -- Configured cppcheck exclude dirs and/or files: 
[3.174s] -- Added test 'cpplint' to check C / C++ code against the Google style
[3.174s] -- Configured cpplint exclude dirs and/or files: 
[3.175s] -- Added test 'lint_cmake' to check CMake code style
[3.175s] -- Added test 'uncrustify' to check C / C++ code style
[3.175s] -- Configured uncrustify additional arguments: 
[3.176s] -- Added test 'xmllint' to check XML markup files
[3.178s] -- Configuring done
[3.213s] -- Generating done
[3.219s] -- Build files have been written to: /home/akhileshk/ros2_ws/build/examples_rclcpp_minimal_composition
[3.246s] Invoked command in '/home/akhileshk/ros2_ws/build/examples_rclcpp_minimal_composition' returned '0': CMAKE_PREFIX_PATH=/opt/ros/humble /usr/bin/cmake /home/akhileshk/ros2_ws/src/examples/rclcpp/composition/minimal_composition -DAMENT_CMAKE_SYMLINK_INSTALL=1 -DCMAKE_INSTALL_PREFIX=/home/akhileshk/ros2_ws/install/examples_rclcpp_minimal_composition
[3.247s] Invoking command in '/home/akhileshk/ros2_ws/build/examples_rclcpp_minimal_composition': CMAKE_PREFIX_PATH=/opt/ros/humble /usr/bin/cmake --build /home/akhileshk/ros2_ws/build/examples_rclcpp_minimal_composition -- -j8 -l8
[4.379s] [ 11%] [32mBuilding CXX object CMakeFiles/composition_nodes.dir/src/subscriber_node.cpp.o[0m
[4.380s] [ 22%] [32mBuilding CXX object CMakeFiles/composition_nodes.dir/src/publisher_node.cpp.o[0m
[53.763s] [ 33%] [32m[1mLinking CXX shared library libcomposition_nodes.so[0m
[55.225s] [ 33%] Built target composition_nodes
[55.831s] [ 44%] [32mBuilding CXX object CMakeFiles/composition_publisher.dir/src/standalone_publisher.cpp.o[0m
[66.711s] [ 55%] [32m[1mLinking CXX executable composition_publisher[0m
[67.406s] [ 55%] Built target composition_publisher
[67.491s] [ 66%] [32mBuilding CXX object CMakeFiles/composition_composed.dir/src/composed.cpp.o[0m
[77.571s] [ 77%] [32m[1mLinking CXX executable composition_composed[0m
[78.617s] [ 77%] Built target composition_composed
[78.755s] [ 88%] [32mBuilding CXX object CMakeFiles/composition_subscriber.dir/src/standalone_subscriber.cpp.o[0m
[87.809s] [100%] [32m[1mLinking CXX executable composition_subscriber[0m
[88.370s] [100%] Built target composition_subscriber
[88.834s] Invoked command in '/home/akhileshk/ros2_ws/build/examples_rclcpp_minimal_composition' returned '0': CMAKE_PREFIX_PATH=/opt/ros/humble /usr/bin/cmake --build /home/akhileshk/ros2_ws/build/examples_rclcpp_minimal_composition -- -j8 -l8
[88.835s] Invoking command in '/home/akhileshk/ros2_ws/build/examples_rclcpp_minimal_composition': CMAKE_PREFIX_PATH=/opt/ros/humble /usr/bin/cmake --install /home/akhileshk/ros2_ws/build/examples_rclcpp_minimal_composition
[88.835s] -- Install configuration: ""
[88.847s] -- Execute custom install script
[88.847s] -- Symlinking: /home/akhileshk/ros2_ws/install/examples_rclcpp_minimal_composition/share/examples_rclcpp_minimal_composition/environment/library_path.sh
[88.863s] -- Symlinking: /home/akhileshk/ros2_ws/install/examples_rclcpp_minimal_composition/share/examples_rclcpp_minimal_composition/environment/library_path.dsv
[88.884s] -- Symlinking: /home/akhileshk/ros2_ws/install/examples_rclcpp_minimal_composition/lib/libcomposition_nodes.so
[88.902s] -- Symlinking: /home/akhileshk/ros2_ws/install/examples_rclcpp_minimal_composition/lib/examples_rclcpp_minimal_composition/composition_publisher
[88.914s] -- Symlinking: /home/akhileshk/ros2_ws/install/examples_rclcpp_minimal_composition/lib/examples_rclcpp_minimal_composition/composition_subscriber
[88.926s] -- Symlinking: /home/akhileshk/ros2_ws/install/examples_rclcpp_minimal_composition/lib/examples_rclcpp_minimal_composition/composition_composed
[88.941s] -- Symlinking: /home/akhileshk/ros2_ws/install/examples_rclcpp_minimal_composition/share/ament_index/resource_index/package_run_dependencies/examples_rclcpp_minimal_composition
[88.953s] -- Symlinking: /home/akhileshk/ros2_ws/install/examples_rclcpp_minimal_composition/share/ament_index/resource_index/parent_prefix_path/examples_rclcpp_minimal_composition
[88.966s] -- Symlinking: /home/akhileshk/ros2_ws/install/examples_rclcpp_minimal_composition/share/examples_rclcpp_minimal_composition/environment/ament_prefix_path.sh
[88.979s] -- Symlinking: /home/akhileshk/ros2_ws/install/examples_rclcpp_minimal_composition/share/examples_rclcpp_minimal_composition/environment/ament_prefix_path.dsv
[88.991s] -- Symlinking: /home/akhileshk/ros2_ws/install/examples_rclcpp_minimal_composition/share/examples_rclcpp_minimal_composition/environment/path.sh
[89.005s] -- Symlinking: /home/akhileshk/ros2_ws/install/examples_rclcpp_minimal_composition/share/examples_rclcpp_minimal_composition/environment/path.dsv
[89.016s] -- Symlinking: /home/akhileshk/ros2_ws/install/examples_rclcpp_minimal_composition/share/examples_rclcpp_minimal_composition/local_setup.bash
[89.031s] -- Symlinking: /home/akhileshk/ros2_ws/install/examples_rclcpp_minimal_composition/share/examples_rclcpp_minimal_composition/local_setup.sh
[89.042s] -- Symlinking: /home/akhileshk/ros2_ws/install/examples_rclcpp_minimal_composition/share/examples_rclcpp_minimal_composition/local_setup.zsh
[89.060s] -- Symlinking: /home/akhileshk/ros2_ws/install/examples_rclcpp_minimal_composition/share/examples_rclcpp_minimal_composition/local_setup.dsv
[89.078s] -- Symlinking: /home/akhileshk/ros2_ws/install/examples_rclcpp_minimal_composition/share/examples_rclcpp_minimal_composition/package.dsv
[89.090s] -- Symlinking: /home/akhileshk/ros2_ws/install/examples_rclcpp_minimal_composition/share/ament_index/resource_index/packages/examples_rclcpp_minimal_composition
[89.101s] -- Symlinking: /home/akhileshk/ros2_ws/install/examples_rclcpp_minimal_composition/share/examples_rclcpp_minimal_composition/cmake/examples_rclcpp_minimal_compositionConfig.cmake
[89.113s] -- Symlinking: /home/akhileshk/ros2_ws/install/examples_rclcpp_minimal_composition/share/examples_rclcpp_minimal_composition/cmake/examples_rclcpp_minimal_compositionConfig-version.cmake
[89.131s] -- Symlinking: /home/akhileshk/ros2_ws/install/examples_rclcpp_minimal_composition/share/examples_rclcpp_minimal_composition/package.xml
[89.155s] Invoked command in '/home/akhileshk/ros2_ws/build/examples_rclcpp_minimal_composition' returned '0': CMAKE_PREFIX_PATH=/opt/ros/humble /usr/bin/cmake --install /home/akhileshk/ros2_ws/build/examples_rclcpp_minimal_composition
