[0.092s] Invoking command in '/home/akhileshk/ros2_ws/build/examples_rclcpp_wait_set': CMAKE_PREFIX_PATH=/opt/ros/humble /usr/bin/cmake /home/akhileshk/ros2_ws/src/examples/rclcpp/wait_set -DAMENT_CMAKE_SYMLINK_INSTALL=1 -DCMAKE_INSTALL_PREFIX=/home/akhileshk/ros2_ws/install/examples_rclcpp_wait_set
[1.197s] -- The C compiler identification is GNU 11.4.0
[1.197s] -- The CXX compiler identification is GNU 11.4.0
[1.197s] -- Detecting C compiler ABI info
[1.478s] -- Detecting C compiler ABI info - done
[1.531s] -- Check for working C compiler: /usr/bin/cc - skipped
[1.531s] -- Detecting C compile features
[1.555s] -- Detecting C compile features - done
[1.568s] -- Detecting CXX compiler ABI info
[2.094s] -- Detecting CXX compiler ABI info - done
[2.130s] -- Check for working CXX compiler: /usr/bin/c++ - skipped
[2.130s] -- Detecting CXX compile features
[2.131s] -- Detecting CXX compile features - done
[2.193s] -- Found ament_cmake: 1.3.10 (/opt/ros/humble/share/ament_cmake/cmake)
[3.662s] -- Found Python3: /usr/bin/python3 (found version "3.10.12") found components: Interpreter 
[5.412s] -- Override CMake install command with custom implementation using symlinks instead of copying resources
[6.261s] -- Found example_interfaces: 0.9.3 (/opt/ros/humble/share/example_interfaces/cmake)
[7.401s] -- Found rosidl_generator_c: 3.1.5 (/opt/ros/humble/share/rosidl_generator_c/cmake)
[7.547s] -- Found rosidl_adapter: 3.1.5 (/opt/ros/humble/share/rosidl_adapter/cmake)
[7.810s] -- Found rosidl_generator_cpp: 3.1.5 (/opt/ros/humble/share/rosidl_generator_cpp/cmake)
[8.224s] -- Using all available rosidl_typesupport_c: rosidl_typesupport_fastrtps_c;rosidl_typesupport_introspection_c
[8.360s] -- Using all available rosidl_typesupport_cpp: rosidl_typesupport_fastrtps_cpp;rosidl_typesupport_introspection_cpp
[10.620s] -- Found rclcpp: 16.0.10 (/opt/ros/humble/share/rclcpp/cmake)
[10.675s] -- Found rmw_implementation_cmake: 6.1.2 (/opt/ros/humble/share/rmw_implementation_cmake/cmake)
[10.683s] -- Found rmw_fastrtps_cpp: 6.2.7 (/opt/ros/humble/share/rmw_fastrtps_cpp/cmake)
[11.879s] -- Found OpenSSL: /usr/lib/x86_64-linux-gnu/libcrypto.so (found version "3.0.2")  
[12.205s] -- Found FastRTPS: /opt/ros/humble/include  
[12.320s] -- Using RMW implementation 'rmw_fastrtps_cpp' as default
[12.424s] -- Looking for pthread.h
[12.744s] -- Looking for pthread.h - found
[12.745s] -- Performing Test CMAKE_HAVE_LIBC_PTHREAD
[12.860s] -- Performing Test CMAKE_HAVE_LIBC_PTHREAD - Success
[12.862s] -- Found Threads: TRUE  
[13.715s] -- Found rclcpp_components: 16.0.10 (/opt/ros/humble/share/rclcpp_components/cmake)
[14.254s] -- Found ament_lint_auto: 0.12.11 (/opt/ros/humble/share/ament_lint_auto/cmake)
[15.012s] -- Added test 'copyright' to check source files copyright and LICENSE
[15.021s] -- Added test 'cppcheck' to perform static code analysis on C / C++ code
[15.025s] -- Configured cppcheck include dirs: /home/akhileshk/ros2_ws/src/examples/rclcpp/wait_set/include
[15.025s] -- Configured cppcheck exclude dirs and/or files: 
[15.029s] -- Added test 'cpplint' to check C / C++ code against the Google style
[15.030s] -- Configured cpplint exclude dirs and/or files: 
[15.033s] -- Added test 'lint_cmake' to check CMake code style
[15.041s] -- Added test 'uncrustify' to check C / C++ code style
[15.042s] -- Configured uncrustify additional arguments: 
[15.043s] -- Added test 'xmllint' to check XML markup files
[15.047s] -- Configuring done
[15.188s] -- Generating done
[15.195s] -- Build files have been written to: /home/akhileshk/ros2_ws/build/examples_rclcpp_wait_set
[19.839s] Invoked command in '/home/akhileshk/ros2_ws/build/examples_rclcpp_wait_set' returned '0': CMAKE_PREFIX_PATH=/opt/ros/humble /usr/bin/cmake /home/akhileshk/ros2_ws/src/examples/rclcpp/wait_set -DAMENT_CMAKE_SYMLINK_INSTALL=1 -DCMAKE_INSTALL_PREFIX=/home/akhileshk/ros2_ws/install/examples_rclcpp_wait_set
[19.844s] Invoking command in '/home/akhileshk/ros2_ws/build/examples_rclcpp_wait_set': CMAKE_PREFIX_PATH=/opt/ros/humble /usr/bin/cmake --build /home/akhileshk/ros2_ws/build/examples_rclcpp_wait_set -- -j8 -l8
[20.854s] [  4%] [32mBuilding CXX object CMakeFiles/talker.dir/src/talker.cpp.o[0m
[34.994s] [  8%] [32m[1mLinking CXX shared library libtalker.so[0m
[35.636s] [  8%] Built target talker
[35.699s] [ 12%] [32mBuilding CXX object CMakeFiles/wait_set_topics_and_timer.dir/src/wait_set_topics_and_timer.cpp.o[0m
[54.512s] [ 16%] [32m[1mLinking CXX executable wait_set_topics_and_timer[0m
[55.446s] [ 16%] Built target wait_set_topics_and_timer
[55.493s] [ 20%] [32mBuilding CXX object CMakeFiles/wait_set_random_order.dir/src/wait_set_random_order.cpp.o[0m
[71.513s] [ 25%] [32m[1mLinking CXX executable wait_set_random_order[0m
[72.939s] [ 25%] Built target wait_set_random_order
[72.984s] [ 29%] [32mBuilding CXX object CMakeFiles/executor_random_order.dir/src/executor_random_order.cpp.o[0m
[88.279s] [ 33%] [32m[1mLinking CXX executable executor_random_order[0m
[89.303s] [ 33%] Built target executor_random_order
[89.353s] [ 37%] [32mBuilding CXX object CMakeFiles/wait_set_topics_with_different_rates.dir/src/wait_set_topics_with_different_rates.cpp.o[0m
[106.672s] [ 41%] [32m[1mLinking CXX executable wait_set_topics_with_different_rates[0m
[107.715s] [ 41%] Built target wait_set_topics_with_different_rates
[107.784s] [ 45%] [32mBuilding CXX object CMakeFiles/static_wait_set.dir/src/static_wait_set.cpp.o[0m
[107.787s] [ 50%] [32mBuilding CXX object CMakeFiles/wait_set.dir/src/wait_set.cpp.o[0m
[107.791s] [ 54%] [32mBuilding CXX object CMakeFiles/thread_safe_wait_set.dir/src/thread_safe_wait_set.cpp.o[0m
[130.096s] [ 58%] [32m[1mLinking CXX executable static_wait_set[0m
[130.774s] [ 58%] Built target static_wait_set
[131.688s] [ 62%] [32m[1mLinking CXX executable wait_set[0m
[131.758s] [ 66%] [32m[1mLinking CXX executable thread_safe_wait_set[0m
[132.659s] [ 66%] Built target wait_set
[132.686s] [ 70%] [32mBuilding CXX object CMakeFiles/listener.dir/src/listener.cpp.o[0m
[132.687s] [ 75%] [32mBuilding CXX object CMakeFiles/wait_set_listener.dir/rclcpp_components/node_main_wait_set_listener.cpp.o[0m
[132.730s] [ 75%] Built target thread_safe_wait_set
[132.762s] [ 79%] [32mBuilding CXX object CMakeFiles/wait_set_talker.dir/rclcpp_components/node_main_wait_set_talker.cpp.o[0m
[141.549s] [ 83%] [32m[1mLinking CXX executable wait_set_listener[0m
[141.990s] [ 83%] Built target wait_set_listener
[142.637s] [ 87%] [32m[1mLinking CXX executable wait_set_talker[0m
[142.985s] [ 87%] Built target wait_set_talker
[155.953s] [ 91%] [32m[1mLinking CXX shared library liblistener.so[0m
[157.227s] [ 91%] Built target listener
[157.287s] [ 95%] [32mBuilding CXX object CMakeFiles/wait_set_composed.dir/src/wait_set_composed.cpp.o[0m
[163.395s] [100%] [32m[1mLinking CXX executable wait_set_composed[0m
[163.735s] [100%] Built target wait_set_composed
[163.777s] Invoked command in '/home/akhileshk/ros2_ws/build/examples_rclcpp_wait_set' returned '0': CMAKE_PREFIX_PATH=/opt/ros/humble /usr/bin/cmake --build /home/akhileshk/ros2_ws/build/examples_rclcpp_wait_set -- -j8 -l8
[163.909s] Invoking command in '/home/akhileshk/ros2_ws/build/examples_rclcpp_wait_set': CMAKE_PREFIX_PATH=/opt/ros/humble /usr/bin/cmake --install /home/akhileshk/ros2_ws/build/examples_rclcpp_wait_set
[163.926s] -- Install configuration: ""
[163.927s] -- Execute custom install script
[163.928s] -- Symlinking: /home/akhileshk/ros2_ws/install/examples_rclcpp_wait_set/lib/examples_rclcpp_wait_set/wait_set_talker
[163.947s] -- Symlinking: /home/akhileshk/ros2_ws/install/examples_rclcpp_wait_set/lib/examples_rclcpp_wait_set/wait_set_listener
[163.968s] -- Symlinking: /home/akhileshk/ros2_ws/install/examples_rclcpp_wait_set/lib/libtalker.so
[163.986s] -- Symlinking: /home/akhileshk/ros2_ws/install/examples_rclcpp_wait_set/lib/liblistener.so
[164.004s] -- Symlinking: /home/akhileshk/ros2_ws/install/examples_rclcpp_wait_set/lib/examples_rclcpp_wait_set/wait_set
[164.023s] -- Symlinking: /home/akhileshk/ros2_ws/install/examples_rclcpp_wait_set/lib/examples_rclcpp_wait_set/static_wait_set
[164.045s] -- Symlinking: /home/akhileshk/ros2_ws/install/examples_rclcpp_wait_set/lib/examples_rclcpp_wait_set/thread_safe_wait_set
[164.065s] -- Symlinking: /home/akhileshk/ros2_ws/install/examples_rclcpp_wait_set/lib/examples_rclcpp_wait_set/wait_set_topics_and_timer
[164.084s] -- Symlinking: /home/akhileshk/ros2_ws/install/examples_rclcpp_wait_set/lib/examples_rclcpp_wait_set/wait_set_random_order
[164.102s] -- Symlinking: /home/akhileshk/ros2_ws/install/examples_rclcpp_wait_set/lib/examples_rclcpp_wait_set/executor_random_order
[164.120s] -- Symlinking: /home/akhileshk/ros2_ws/install/examples_rclcpp_wait_set/lib/examples_rclcpp_wait_set/wait_set_topics_with_different_rates
[164.138s] -- Symlinking: /home/akhileshk/ros2_ws/install/examples_rclcpp_wait_set/lib/examples_rclcpp_wait_set/wait_set_composed
[164.157s] -- Symlinking: /home/akhileshk/ros2_ws/install/examples_rclcpp_wait_set/share/ament_index/resource_index/package_run_dependencies/examples_rclcpp_wait_set
[164.188s] -- Symlinking: /home/akhileshk/ros2_ws/install/examples_rclcpp_wait_set/share/ament_index/resource_index/parent_prefix_path/examples_rclcpp_wait_set
[164.216s] -- Symlinking: /home/akhileshk/ros2_ws/install/examples_rclcpp_wait_set/share/examples_rclcpp_wait_set/environment/ament_prefix_path.sh
[164.239s] -- Symlinking: /home/akhileshk/ros2_ws/install/examples_rclcpp_wait_set/share/examples_rclcpp_wait_set/environment/ament_prefix_path.dsv
[164.262s] -- Symlinking: /home/akhileshk/ros2_ws/install/examples_rclcpp_wait_set/share/examples_rclcpp_wait_set/environment/path.sh
[164.287s] -- Symlinking: /home/akhileshk/ros2_ws/install/examples_rclcpp_wait_set/share/examples_rclcpp_wait_set/environment/path.dsv
[164.309s] -- Symlinking: /home/akhileshk/ros2_ws/install/examples_rclcpp_wait_set/share/examples_rclcpp_wait_set/local_setup.bash
[164.332s] -- Symlinking: /home/akhileshk/ros2_ws/install/examples_rclcpp_wait_set/share/examples_rclcpp_wait_set/local_setup.sh
[164.354s] -- Symlinking: /home/akhileshk/ros2_ws/install/examples_rclcpp_wait_set/share/examples_rclcpp_wait_set/local_setup.zsh
[164.376s] -- Symlinking: /home/akhileshk/ros2_ws/install/examples_rclcpp_wait_set/share/examples_rclcpp_wait_set/local_setup.dsv
[164.398s] -- Symlinking: /home/akhileshk/ros2_ws/install/examples_rclcpp_wait_set/share/examples_rclcpp_wait_set/package.dsv
[164.425s] -- Symlinking: /home/akhileshk/ros2_ws/install/examples_rclcpp_wait_set/share/ament_index/resource_index/packages/examples_rclcpp_wait_set
[164.453s] -- Symlinking: /home/akhileshk/ros2_ws/install/examples_rclcpp_wait_set/share/ament_index/resource_index/rclcpp_components/examples_rclcpp_wait_set
[164.476s] -- Symlinking: /home/akhileshk/ros2_ws/install/examples_rclcpp_wait_set/share/examples_rclcpp_wait_set/cmake/examples_rclcpp_wait_setConfig.cmake
[164.499s] -- Symlinking: /home/akhileshk/ros2_ws/install/examples_rclcpp_wait_set/share/examples_rclcpp_wait_set/cmake/examples_rclcpp_wait_setConfig-version.cmake
[164.521s] -- Symlinking: /home/akhileshk/ros2_ws/install/examples_rclcpp_wait_set/share/examples_rclcpp_wait_set/package.xml
[164.546s] Invoked command in '/home/akhileshk/ros2_ws/build/examples_rclcpp_wait_set' returned '0': CMAKE_PREFIX_PATH=/opt/ros/humble /usr/bin/cmake --install /home/akhileshk/ros2_ws/build/examples_rclcpp_wait_set
