[4.185s] Invoking command in '/home/akhileshk/ros2_ws/build/examples_rclpy_minimal_service': PYTHONPATH=/home/akhileshk/ros2_ws/build/examples_rclpy_minimal_service/prefix_override:/usr/lib/python3/dist-packages/colcon_core/task/python/colcon_distutils_commands:/home/akhileshk/ros2_ws/install/examples_rclpy_minimal_service/lib/python3.10/site-packages:${PYTHONPATH} /usr/bin/python3 -W ignore:setup.py install is deprecated setup.py develop --editable --build-directory /home/akhileshk/ros2_ws/build/examples_rclpy_minimal_service/build --no-deps symlink_data
[4.955s] running develop
[4.955s] /usr/lib/python3/dist-packages/setuptools/command/easy_install.py:158: EasyInstallDeprecationWarning: easy_install command is deprecated. Use build and pip and other standards-based tools.
[4.955s]   warnings.warn(
[5.400s] running egg_info
[5.401s] creating examples_rclpy_minimal_service.egg-info
[5.401s] writing examples_rclpy_minimal_service.egg-info/PKG-INFO
[5.401s] writing dependency_links to examples_rclpy_minimal_service.egg-info/dependency_links.txt
[5.401s] writing entry points to examples_rclpy_minimal_service.egg-info/entry_points.txt
[5.402s] writing requirements to examples_rclpy_minimal_service.egg-info/requires.txt
[5.402s] writing top-level names to examples_rclpy_minimal_service.egg-info/top_level.txt
[5.402s] writing manifest file 'examples_rclpy_minimal_service.egg-info/SOURCES.txt'
[5.410s] reading manifest file 'examples_rclpy_minimal_service.egg-info/SOURCES.txt'
[5.413s] writing manifest file 'examples_rclpy_minimal_service.egg-info/SOURCES.txt'
[5.421s] running build_ext
[5.428s] Creating /home/akhileshk/ros2_ws/install/examples_rclpy_minimal_service/lib/python3.10/site-packages/examples-rclpy-minimal-service.egg-link (link to .)
[5.428s] Installing service script to /home/akhileshk/ros2_ws/install/examples_rclpy_minimal_service/lib/examples_rclpy_minimal_service
[5.429s] Installing service_member_function script to /home/akhileshk/ros2_ws/install/examples_rclpy_minimal_service/lib/examples_rclpy_minimal_service
[5.429s] 
[5.429s] Installed /home/akhileshk/ros2_ws/build/examples_rclpy_minimal_service
[5.433s] running symlink_data
[5.433s] creating /home/akhileshk/ros2_ws/install/examples_rclpy_minimal_service/share/ament_index
[5.433s] creating /home/akhileshk/ros2_ws/install/examples_rclpy_minimal_service/share/ament_index/resource_index
[5.433s] creating /home/akhileshk/ros2_ws/install/examples_rclpy_minimal_service/share/ament_index/resource_index/packages
[5.434s] symbolically linking /home/akhileshk/ros2_ws/build/examples_rclpy_minimal_service/resource/examples_rclpy_minimal_service -> /home/akhileshk/ros2_ws/install/examples_rclpy_minimal_service/share/ament_index/resource_index/packages
[5.434s] symbolically linking /home/akhileshk/ros2_ws/build/examples_rclpy_minimal_service/package.xml -> /home/akhileshk/ros2_ws/install/examples_rclpy_minimal_service/share/examples_rclpy_minimal_service
[5.518s] Invoked command in '/home/akhileshk/ros2_ws/build/examples_rclpy_minimal_service' returned '0': PYTHONPATH=/home/akhileshk/ros2_ws/build/examples_rclpy_minimal_service/prefix_override:/usr/lib/python3/dist-packages/colcon_core/task/python/colcon_distutils_commands:/home/akhileshk/ros2_ws/install/examples_rclpy_minimal_service/lib/python3.10/site-packages:${PYTHONPATH} /usr/bin/python3 -W ignore:setup.py install is deprecated setup.py develop --editable --build-directory /home/akhileshk/ros2_ws/build/examples_rclpy_minimal_service/build --no-deps symlink_data
