[3.734s] Invoking command in '/home/akhileshk/ros2_ws/build/examples_rclpy_minimal_action_server': PYTHONPATH=/home/akhileshk/ros2_ws/build/examples_rclpy_minimal_action_server/prefix_override:/usr/lib/python3/dist-packages/colcon_core/task/python/colcon_distutils_commands:/home/akhileshk/ros2_ws/install/examples_rclpy_minimal_action_server/lib/python3.10/site-packages:${PYTHONPATH} /usr/bin/python3 -W ignore:setup.py install is deprecated setup.py develop --editable --build-directory /home/akhileshk/ros2_ws/build/examples_rclpy_minimal_action_server/build --no-deps symlink_data
[4.435s] running develop
[4.439s] /usr/lib/python3/dist-packages/setuptools/command/easy_install.py:158: EasyInstallDeprecationWarning: easy_install command is deprecated. Use build and pip and other standards-based tools.
[4.440s]   warnings.warn(
[4.975s] running egg_info
[4.975s] creating examples_rclpy_minimal_action_server.egg-info
[4.976s] writing examples_rclpy_minimal_action_server.egg-info/PKG-INFO
[4.976s] writing dependency_links to examples_rclpy_minimal_action_server.egg-info/dependency_links.txt
[4.976s] writing entry points to examples_rclpy_minimal_action_server.egg-info/entry_points.txt
[4.977s] writing requirements to examples_rclpy_minimal_action_server.egg-info/requires.txt
[4.980s] writing top-level names to examples_rclpy_minimal_action_server.egg-info/top_level.txt
[4.980s] writing manifest file 'examples_rclpy_minimal_action_server.egg-info/SOURCES.txt'
[4.981s] reading manifest file 'examples_rclpy_minimal_action_server.egg-info/SOURCES.txt'
[4.983s] writing manifest file 'examples_rclpy_minimal_action_server.egg-info/SOURCES.txt'
[4.986s] running build_ext
[4.987s] Creating /home/akhileshk/ros2_ws/install/examples_rclpy_minimal_action_server/lib/python3.10/site-packages/examples-rclpy-minimal-action-server.egg-link (link to .)
[4.988s] Installing server script to /home/akhileshk/ros2_ws/install/examples_rclpy_minimal_action_server/lib/examples_rclpy_minimal_action_server
[4.989s] Installing server_defer script to /home/akhileshk/ros2_ws/install/examples_rclpy_minimal_action_server/lib/examples_rclpy_minimal_action_server
[4.989s] Installing server_not_composable script to /home/akhileshk/ros2_ws/install/examples_rclpy_minimal_action_server/lib/examples_rclpy_minimal_action_server
[4.991s] Installing server_queue_goals script to /home/akhileshk/ros2_ws/install/examples_rclpy_minimal_action_server/lib/examples_rclpy_minimal_action_server
[4.991s] Installing server_single_goal script to /home/akhileshk/ros2_ws/install/examples_rclpy_minimal_action_server/lib/examples_rclpy_minimal_action_server
[4.991s] 
[4.992s] Installed /home/akhileshk/ros2_ws/build/examples_rclpy_minimal_action_server
[4.992s] running symlink_data
[4.992s] creating /home/akhileshk/ros2_ws/install/examples_rclpy_minimal_action_server/share/ament_index
[4.992s] creating /home/akhileshk/ros2_ws/install/examples_rclpy_minimal_action_server/share/ament_index/resource_index
[4.992s] creating /home/akhileshk/ros2_ws/install/examples_rclpy_minimal_action_server/share/ament_index/resource_index/packages
[4.992s] symbolically linking /home/akhileshk/ros2_ws/build/examples_rclpy_minimal_action_server/resource/examples_rclpy_minimal_action_server -> /home/akhileshk/ros2_ws/install/examples_rclpy_minimal_action_server/share/ament_index/resource_index/packages
[4.992s] symbolically linking /home/akhileshk/ros2_ws/build/examples_rclpy_minimal_action_server/package.xml -> /home/akhileshk/ros2_ws/install/examples_rclpy_minimal_action_server/share/examples_rclpy_minimal_action_server
[5.099s] Invoked command in '/home/akhileshk/ros2_ws/build/examples_rclpy_minimal_action_server' returned '0': PYTHONPATH=/home/akhileshk/ros2_ws/build/examples_rclpy_minimal_action_server/prefix_override:/usr/lib/python3/dist-packages/colcon_core/task/python/colcon_distutils_commands:/home/akhileshk/ros2_ws/install/examples_rclpy_minimal_action_server/lib/python3.10/site-packages:${PYTHONPATH} /usr/bin/python3 -W ignore:setup.py install is deprecated setup.py develop --editable --build-directory /home/akhileshk/ros2_ws/build/examples_rclpy_minimal_action_server/build --no-deps symlink_data
