[10.807s] Invoking command in '/home/akhileshk/ros2_ws/build/examples_rclpy_guard_conditions': PYTHONPATH=/home/akhileshk/ros2_ws/build/examples_rclpy_guard_conditions/prefix_override:/usr/lib/python3/dist-packages/colcon_core/task/python/colcon_distutils_commands:/home/akhileshk/ros2_ws/install/examples_rclpy_guard_conditions/lib/python3.10/site-packages:${PYTHONPATH} /usr/bin/python3 -W ignore:setup.py install is deprecated setup.py develop --editable --build-directory /home/akhileshk/ros2_ws/build/examples_rclpy_guard_conditions/build --no-deps symlink_data
[11.688s] running develop
[11.693s] /usr/lib/python3/dist-packages/setuptools/command/easy_install.py:158: EasyInstallDeprecationWarning: easy_install command is deprecated. Use build and pip and other standards-based tools.
[11.694s]   warnings.warn(
[12.138s] running egg_info
[12.138s] creating examples_rclpy_guard_conditions.egg-info
[12.139s] writing examples_rclpy_guard_conditions.egg-info/PKG-INFO
[12.140s] writing dependency_links to examples_rclpy_guard_conditions.egg-info/dependency_links.txt
[12.141s] writing entry points to examples_rclpy_guard_conditions.egg-info/entry_points.txt
[12.141s] writing requirements to examples_rclpy_guard_conditions.egg-info/requires.txt
[12.142s] writing top-level names to examples_rclpy_guard_conditions.egg-info/top_level.txt
[12.143s] writing manifest file 'examples_rclpy_guard_conditions.egg-info/SOURCES.txt'
[12.287s] reading manifest file 'examples_rclpy_guard_conditions.egg-info/SOURCES.txt'
[12.288s] writing manifest file 'examples_rclpy_guard_conditions.egg-info/SOURCES.txt'
[12.297s] running build_ext
[12.298s] Creating /home/akhileshk/ros2_ws/install/examples_rclpy_guard_conditions/lib/python3.10/site-packages/examples-rclpy-guard-conditions.egg-link (link to .)
[12.301s] Installing trigger_guard_condition script to /home/akhileshk/ros2_ws/install/examples_rclpy_guard_conditions/lib/examples_rclpy_guard_conditions
[12.302s] 
[12.303s] Installed /home/akhileshk/ros2_ws/build/examples_rclpy_guard_conditions
[12.303s] running symlink_data
[12.304s] creating /home/akhileshk/ros2_ws/install/examples_rclpy_guard_conditions/share/ament_index
[12.305s] creating /home/akhileshk/ros2_ws/install/examples_rclpy_guard_conditions/share/ament_index/resource_index
[12.305s] creating /home/akhileshk/ros2_ws/install/examples_rclpy_guard_conditions/share/ament_index/resource_index/packages
[12.309s] symbolically linking /home/akhileshk/ros2_ws/build/examples_rclpy_guard_conditions/resource/examples_rclpy_guard_conditions -> /home/akhileshk/ros2_ws/install/examples_rclpy_guard_conditions/share/ament_index/resource_index/packages
[12.309s] symbolically linking /home/akhileshk/ros2_ws/build/examples_rclpy_guard_conditions/package.xml -> /home/akhileshk/ros2_ws/install/examples_rclpy_guard_conditions/share/examples_rclpy_guard_conditions
[12.497s] Invoked command in '/home/akhileshk/ros2_ws/build/examples_rclpy_guard_conditions' returned '0': PYTHONPATH=/home/akhileshk/ros2_ws/build/examples_rclpy_guard_conditions/prefix_override:/usr/lib/python3/dist-packages/colcon_core/task/python/colcon_distutils_commands:/home/akhileshk/ros2_ws/install/examples_rclpy_guard_conditions/lib/python3.10/site-packages:${PYTHONPATH} /usr/bin/python3 -W ignore:setup.py install is deprecated setup.py develop --editable --build-directory /home/akhileshk/ros2_ws/build/examples_rclpy_guard_conditions/build --no-deps symlink_data
