[0.036s] Invoking command in '/home/akhileshk/ros2_ws/build/examples_rclcpp_minimal_publisher': CMAKE_PREFIX_PATH=/opt/ros/humble /usr/bin/cmake /home/akhileshk/ros2_ws/src/examples/rclcpp/topics/minimal_publisher -DAMENT_CMAKE_SYMLINK_INSTALL=1 -DCMAKE_INSTALL_PREFIX=/home/akhileshk/ros2_ws/install/examples_rclcpp_minimal_publisher
[3.146s] -- The C compiler identification is GNU 11.4.0
[3.146s] -- The CXX compiler identification is GNU 11.4.0
[3.146s] -- Detecting C compiler ABI info
[3.146s] -- Detecting C compiler ABI info - done
[3.146s] -- Check for working C compiler: /usr/bin/cc - skipped
[3.147s] -- Detecting C compile features
[3.147s] -- Detecting C compile features - done
[3.147s] -- Detecting CXX compiler ABI info
[3.147s] -- Detecting CXX compiler ABI info - done
[3.147s] -- Check for working CXX compiler: /usr/bin/c++ - skipped
[3.147s] -- Detecting CXX compile features
[3.147s] -- Detecting CXX compile features - done
[3.147s] -- Found ament_cmake: 1.3.10 (/opt/ros/humble/share/ament_cmake/cmake)
[3.147s] -- Found Python3: /usr/bin/python3 (found version "3.10.12") found components: Interpreter 
[3.147s] -- Override CMake install command with custom implementation using symlinks instead of copying resources
[3.147s] -- Found rclcpp: 16.0.10 (/opt/ros/humble/share/rclcpp/cmake)
[3.147s] -- Found rosidl_generator_c: 3.1.5 (/opt/ros/humble/share/rosidl_generator_c/cmake)
[3.148s] -- Found rosidl_adapter: 3.1.5 (/opt/ros/humble/share/rosidl_adapter/cmake)
[3.148s] -- Found rosidl_generator_cpp: 3.1.5 (/opt/ros/humble/share/rosidl_generator_cpp/cmake)
[3.148s] -- Using all available rosidl_typesupport_c: rosidl_typesupport_fastrtps_c;rosidl_typesupport_introspection_c
[3.148s] -- Using all available rosidl_typesupport_cpp: rosidl_typesupport_fastrtps_cpp;rosidl_typesupport_introspection_cpp
[3.148s] -- Found rmw_implementation_cmake: 6.1.2 (/opt/ros/humble/share/rmw_implementation_cmake/cmake)
[3.151s] -- Found rmw_fastrtps_cpp: 6.2.7 (/opt/ros/humble/share/rmw_fastrtps_cpp/cmake)
[3.151s] -- Found OpenSSL: /usr/lib/x86_64-linux-gnu/libcrypto.so (found version "3.0.2")  
[3.151s] -- Found FastRTPS: /opt/ros/humble/include  
[3.151s] -- Using RMW implementation 'rmw_fastrtps_cpp' as default
[3.151s] -- Looking for pthread.h
[3.151s] -- Looking for pthread.h - found
[3.151s] -- Performing Test CMAKE_HAVE_LIBC_PTHREAD
[3.152s] -- Performing Test CMAKE_HAVE_LIBC_PTHREAD - Success
[3.152s] -- Found Threads: TRUE  
[3.152s] -- Found ament_lint_auto: 0.12.11 (/opt/ros/humble/share/ament_lint_auto/cmake)
[3.152s] -- Added test 'copyright' to check source files copyright and LICENSE
[3.152s] -- Added test 'cppcheck' to perform static code analysis on C / C++ code
[3.152s] -- Configured cppcheck include dirs: 
[3.152s] -- Configured cppcheck exclude dirs and/or files: 
[3.153s] -- Added test 'cpplint' to check C / C++ code against the Google style
[3.153s] -- Configured cpplint exclude dirs and/or files: 
[3.153s] -- Added test 'lint_cmake' to check CMake code style
[3.153s] -- Added test 'uncrustify' to check C / C++ code style
[3.154s] -- Configured uncrustify additional arguments: 
[3.154s] -- Added test 'xmllint' to check XML markup files
[3.154s] -- Configuring done
[3.154s] -- Generating done
[3.154s] -- Build files have been written to: /home/akhileshk/ros2_ws/build/examples_rclcpp_minimal_publisher
[3.168s] Invoked command in '/home/akhileshk/ros2_ws/build/examples_rclcpp_minimal_publisher' returned '0': CMAKE_PREFIX_PATH=/opt/ros/humble /usr/bin/cmake /home/akhileshk/ros2_ws/src/examples/rclcpp/topics/minimal_publisher -DAMENT_CMAKE_SYMLINK_INSTALL=1 -DCMAKE_INSTALL_PREFIX=/home/akhileshk/ros2_ws/install/examples_rclcpp_minimal_publisher
[3.168s] Invoking command in '/home/akhileshk/ros2_ws/build/examples_rclcpp_minimal_publisher': CMAKE_PREFIX_PATH=/opt/ros/humble /usr/bin/cmake --build /home/akhileshk/ros2_ws/build/examples_rclcpp_minimal_publisher -- -j8 -l8
[3.235s] [  8%] [32mBuilding CXX object CMakeFiles/publisher_lambda.dir/lambda.cpp.o[0m
[3.244s] [ 16%] [32mBuilding CXX object CMakeFiles/publisher_member_function.dir/member_function.cpp.o[0m
[3.259s] [ 25%] [32mBuilding CXX object CMakeFiles/publisher_member_function_with_type_adapter.dir/member_function_with_type_adapter.cpp.o[0m
[3.263s] [ 33%] [32mBuilding CXX object CMakeFiles/publisher_member_function_with_unique_network_flow_endpoints.dir/member_function_with_unique_network_flow_endpoints.cpp.o[0m
[3.264s] [ 41%] [32mBuilding CXX object CMakeFiles/publisher_wait_for_all_acked.dir/member_function_with_wait_for_all_acked.cpp.o[0m
[3.265s] [ 50%] [32mBuilding CXX object CMakeFiles/publisher_not_composable.dir/not_composable.cpp.o[0m
[36.791s] [ 58%] [32m[1mLinking CXX executable publisher_member_function[0m
[37.219s] [ 66%] [32m[1mLinking CXX executable publisher_not_composable[0m
[37.219s] [ 75%] [32m[1mLinking CXX executable publisher_wait_for_all_acked[0m
[39.488s] [ 75%] Built target publisher_member_function
[40.391s] [ 75%] Built target publisher_not_composable
[40.480s] [ 75%] Built target publisher_wait_for_all_acked
[40.793s] [ 83%] [32m[1mLinking CXX executable publisher_member_function_with_type_adapter[0m
[43.055s] [ 83%] Built target publisher_member_function_with_type_adapter
[45.644s] [ 91%] [32m[1mLinking CXX executable publisher_member_function_with_unique_network_flow_endpoints[0m
[46.464s] [ 91%] Built target publisher_member_function_with_unique_network_flow_endpoints
[46.947s] [100%] [32m[1mLinking CXX executable publisher_lambda[0m
[48.033s] [100%] Built target publisher_lambda
[48.126s] Invoked command in '/home/akhileshk/ros2_ws/build/examples_rclcpp_minimal_publisher' returned '0': CMAKE_PREFIX_PATH=/opt/ros/humble /usr/bin/cmake --build /home/akhileshk/ros2_ws/build/examples_rclcpp_minimal_publisher -- -j8 -l8
[48.331s] Invoking command in '/home/akhileshk/ros2_ws/build/examples_rclcpp_minimal_publisher': CMAKE_PREFIX_PATH=/opt/ros/humble /usr/bin/cmake --install /home/akhileshk/ros2_ws/build/examples_rclcpp_minimal_publisher
[58.616s] -- Install configuration: ""
[58.616s] -- Execute custom install script
[58.616s] -- Symlinking: /home/akhileshk/ros2_ws/install/examples_rclcpp_minimal_publisher/lib/examples_rclcpp_minimal_publisher/publisher_lambda
[58.617s] -- Symlinking: /home/akhileshk/ros2_ws/install/examples_rclcpp_minimal_publisher/lib/examples_rclcpp_minimal_publisher/publisher_member_function
[58.617s] -- Symlinking: /home/akhileshk/ros2_ws/install/examples_rclcpp_minimal_publisher/lib/examples_rclcpp_minimal_publisher/publisher_member_function_with_type_adapter
[58.617s] -- Symlinking: /home/akhileshk/ros2_ws/install/examples_rclcpp_minimal_publisher/lib/examples_rclcpp_minimal_publisher/publisher_member_function_with_unique_network_flow_endpoints
[58.617s] -- Symlinking: /home/akhileshk/ros2_ws/install/examples_rclcpp_minimal_publisher/lib/examples_rclcpp_minimal_publisher/publisher_wait_for_all_acked
[58.617s] -- Symlinking: /home/akhileshk/ros2_ws/install/examples_rclcpp_minimal_publisher/lib/examples_rclcpp_minimal_publisher/publisher_not_composable
[58.617s] -- Symlinking: /home/akhileshk/ros2_ws/install/examples_rclcpp_minimal_publisher/share/ament_index/resource_index/package_run_dependencies/examples_rclcpp_minimal_publisher
[58.617s] -- Symlinking: /home/akhileshk/ros2_ws/install/examples_rclcpp_minimal_publisher/share/ament_index/resource_index/parent_prefix_path/examples_rclcpp_minimal_publisher
[58.617s] -- Symlinking: /home/akhileshk/ros2_ws/install/examples_rclcpp_minimal_publisher/share/examples_rclcpp_minimal_publisher/environment/ament_prefix_path.sh
[58.618s] -- Symlinking: /home/akhileshk/ros2_ws/install/examples_rclcpp_minimal_publisher/share/examples_rclcpp_minimal_publisher/environment/ament_prefix_path.dsv
[58.618s] -- Symlinking: /home/akhileshk/ros2_ws/install/examples_rclcpp_minimal_publisher/share/examples_rclcpp_minimal_publisher/environment/path.sh
[58.618s] -- Symlinking: /home/akhileshk/ros2_ws/install/examples_rclcpp_minimal_publisher/share/examples_rclcpp_minimal_publisher/environment/path.dsv
[58.618s] -- Symlinking: /home/akhileshk/ros2_ws/install/examples_rclcpp_minimal_publisher/share/examples_rclcpp_minimal_publisher/local_setup.bash
[58.618s] -- Symlinking: /home/akhileshk/ros2_ws/install/examples_rclcpp_minimal_publisher/share/examples_rclcpp_minimal_publisher/local_setup.sh
[58.618s] -- Symlinking: /home/akhileshk/ros2_ws/install/examples_rclcpp_minimal_publisher/share/examples_rclcpp_minimal_publisher/local_setup.zsh
[58.618s] -- Symlinking: /home/akhileshk/ros2_ws/install/examples_rclcpp_minimal_publisher/share/examples_rclcpp_minimal_publisher/local_setup.dsv
[58.618s] -- Symlinking: /home/akhileshk/ros2_ws/install/examples_rclcpp_minimal_publisher/share/examples_rclcpp_minimal_publisher/package.dsv
[58.619s] -- Symlinking: /home/akhileshk/ros2_ws/install/examples_rclcpp_minimal_publisher/share/ament_index/resource_index/packages/examples_rclcpp_minimal_publisher
[58.619s] -- Symlinking: /home/akhileshk/ros2_ws/install/examples_rclcpp_minimal_publisher/share/examples_rclcpp_minimal_publisher/cmake/examples_rclcpp_minimal_publisherConfig.cmake
[58.619s] -- Symlinking: /home/akhileshk/ros2_ws/install/examples_rclcpp_minimal_publisher/share/examples_rclcpp_minimal_publisher/cmake/examples_rclcpp_minimal_publisherConfig-version.cmake
[58.619s] -- Symlinking: /home/akhileshk/ros2_ws/install/examples_rclcpp_minimal_publisher/share/examples_rclcpp_minimal_publisher/package.xml
[58.620s] Invoked command in '/home/akhileshk/ros2_ws/build/examples_rclcpp_minimal_publisher' returned '0': CMAKE_PREFIX_PATH=/opt/ros/humble /usr/bin/cmake --install /home/akhileshk/ros2_ws/build/examples_rclcpp_minimal_publisher
