[0.033s] Invoking command in '/home/akhileshk/ros2_ws/build/examples_rclcpp_minimal_service': CMAKE_PREFIX_PATH=/opt/ros/humble /usr/bin/cmake /home/akhileshk/ros2_ws/src/examples/rclcpp/services/minimal_service -DAMENT_CMAKE_SYMLINK_INSTALL=1 -DCMAKE_INSTALL_PREFIX=/home/akhileshk/ros2_ws/install/examples_rclcpp_minimal_service
[3.151s] -- The C compiler identification is GNU 11.4.0
[3.151s] -- The CXX compiler identification is GNU 11.4.0
[3.151s] -- Detecting C compiler ABI info
[3.152s] -- Detecting C compiler ABI info - done
[3.152s] -- Check for working C compiler: /usr/bin/cc - skipped
[3.152s] -- Detecting C compile features
[3.152s] -- Detecting C compile features - done
[3.152s] -- Detecting CXX compiler ABI info
[3.153s] -- Detecting CXX compiler ABI info - done
[3.154s] -- Check for working CXX compiler: /usr/bin/c++ - skipped
[3.154s] -- Detecting CXX compile features
[3.155s] -- Detecting CXX compile features - done
[3.155s] -- Found ament_cmake: 1.3.10 (/opt/ros/humble/share/ament_cmake/cmake)
[3.156s] -- Found Python3: /usr/bin/python3 (found version "3.10.12") found components: Interpreter 
[3.156s] -- Override CMake install command with custom implementation using symlinks instead of copying resources
[3.156s] -- Found example_interfaces: 0.9.3 (/opt/ros/humble/share/example_interfaces/cmake)
[3.156s] -- Found rosidl_generator_c: 3.1.5 (/opt/ros/humble/share/rosidl_generator_c/cmake)
[3.156s] -- Found rosidl_adapter: 3.1.5 (/opt/ros/humble/share/rosidl_adapter/cmake)
[3.156s] -- Found rosidl_generator_cpp: 3.1.5 (/opt/ros/humble/share/rosidl_generator_cpp/cmake)
[3.157s] -- Using all available rosidl_typesupport_c: rosidl_typesupport_fastrtps_c;rosidl_typesupport_introspection_c
[3.157s] -- Using all available rosidl_typesupport_cpp: rosidl_typesupport_fastrtps_cpp;rosidl_typesupport_introspection_cpp
[3.157s] -- Found rclcpp: 16.0.10 (/opt/ros/humble/share/rclcpp/cmake)
[3.157s] -- Found rmw_implementation_cmake: 6.1.2 (/opt/ros/humble/share/rmw_implementation_cmake/cmake)
[3.157s] -- Found rmw_fastrtps_cpp: 6.2.7 (/opt/ros/humble/share/rmw_fastrtps_cpp/cmake)
[3.157s] -- Found OpenSSL: /usr/lib/x86_64-linux-gnu/libcrypto.so (found version "3.0.2")  
[3.157s] -- Found FastRTPS: /opt/ros/humble/include  
[3.158s] -- Using RMW implementation 'rmw_fastrtps_cpp' as default
[3.158s] -- Looking for pthread.h
[3.158s] -- Looking for pthread.h - found
[3.158s] -- Performing Test CMAKE_HAVE_LIBC_PTHREAD
[3.158s] -- Performing Test CMAKE_HAVE_LIBC_PTHREAD - Success
[3.159s] -- Found Threads: TRUE  
[3.160s] -- Found ament_lint_auto: 0.12.11 (/opt/ros/humble/share/ament_lint_auto/cmake)
[3.160s] -- Added test 'copyright' to check source files copyright and LICENSE
[3.160s] -- Added test 'cppcheck' to perform static code analysis on C / C++ code
[3.160s] -- Configured cppcheck include dirs: 
[3.161s] -- Configured cppcheck exclude dirs and/or files: 
[3.161s] -- Added test 'cpplint' to check C / C++ code against the Google style
[3.161s] -- Configured cpplint exclude dirs and/or files: 
[3.161s] -- Added test 'lint_cmake' to check CMake code style
[3.161s] -- Added test 'uncrustify' to check C / C++ code style
[3.161s] -- Configured uncrustify additional arguments: 
[3.161s] -- Added test 'xmllint' to check XML markup files
[3.162s] -- Configuring done
[3.162s] -- Generating done
[3.162s] -- Build files have been written to: /home/akhileshk/ros2_ws/build/examples_rclcpp_minimal_service
[3.165s] Invoked command in '/home/akhileshk/ros2_ws/build/examples_rclcpp_minimal_service' returned '0': CMAKE_PREFIX_PATH=/opt/ros/humble /usr/bin/cmake /home/akhileshk/ros2_ws/src/examples/rclcpp/services/minimal_service -DAMENT_CMAKE_SYMLINK_INSTALL=1 -DCMAKE_INSTALL_PREFIX=/home/akhileshk/ros2_ws/install/examples_rclcpp_minimal_service
[3.166s] Invoking command in '/home/akhileshk/ros2_ws/build/examples_rclcpp_minimal_service': CMAKE_PREFIX_PATH=/opt/ros/humble /usr/bin/cmake --build /home/akhileshk/ros2_ws/build/examples_rclcpp_minimal_service -- -j8 -l8
[3.261s] [ 50%] [32mBuilding CXX object CMakeFiles/service_main.dir/main.cpp.o[0m
[37.767s] [100%] [32m[1mLinking CXX executable service_main[0m
[39.381s] [100%] Built target service_main
[39.833s] Invoked command in '/home/akhileshk/ros2_ws/build/examples_rclcpp_minimal_service' returned '0': CMAKE_PREFIX_PATH=/opt/ros/humble /usr/bin/cmake --build /home/akhileshk/ros2_ws/build/examples_rclcpp_minimal_service -- -j8 -l8
[39.975s] Invoking command in '/home/akhileshk/ros2_ws/build/examples_rclcpp_minimal_service': CMAKE_PREFIX_PATH=/opt/ros/humble /usr/bin/cmake --install /home/akhileshk/ros2_ws/build/examples_rclcpp_minimal_service
[44.385s] -- Install configuration: ""
[44.385s] -- Execute custom install script
[44.385s] -- Symlinking: /home/akhileshk/ros2_ws/install/examples_rclcpp_minimal_service/lib/examples_rclcpp_minimal_service/service_main
[44.385s] -- Symlinking: /home/akhileshk/ros2_ws/install/examples_rclcpp_minimal_service/share/ament_index/resource_index/package_run_dependencies/examples_rclcpp_minimal_service
[44.386s] -- Symlinking: /home/akhileshk/ros2_ws/install/examples_rclcpp_minimal_service/share/ament_index/resource_index/parent_prefix_path/examples_rclcpp_minimal_service
[44.386s] -- Symlinking: /home/akhileshk/ros2_ws/install/examples_rclcpp_minimal_service/share/examples_rclcpp_minimal_service/environment/ament_prefix_path.sh
[44.386s] -- Symlinking: /home/akhileshk/ros2_ws/install/examples_rclcpp_minimal_service/share/examples_rclcpp_minimal_service/environment/ament_prefix_path.dsv
[44.386s] -- Symlinking: /home/akhileshk/ros2_ws/install/examples_rclcpp_minimal_service/share/examples_rclcpp_minimal_service/environment/path.sh
[44.386s] -- Symlinking: /home/akhileshk/ros2_ws/install/examples_rclcpp_minimal_service/share/examples_rclcpp_minimal_service/environment/path.dsv
[44.386s] -- Symlinking: /home/akhileshk/ros2_ws/install/examples_rclcpp_minimal_service/share/examples_rclcpp_minimal_service/local_setup.bash
[44.386s] -- Symlinking: /home/akhileshk/ros2_ws/install/examples_rclcpp_minimal_service/share/examples_rclcpp_minimal_service/local_setup.sh
[44.387s] -- Symlinking: /home/akhileshk/ros2_ws/install/examples_rclcpp_minimal_service/share/examples_rclcpp_minimal_service/local_setup.zsh
[44.387s] -- Symlinking: /home/akhileshk/ros2_ws/install/examples_rclcpp_minimal_service/share/examples_rclcpp_minimal_service/local_setup.dsv
[44.390s] -- Symlinking: /home/akhileshk/ros2_ws/install/examples_rclcpp_minimal_service/share/examples_rclcpp_minimal_service/package.dsv
[44.390s] -- Symlinking: /home/akhileshk/ros2_ws/install/examples_rclcpp_minimal_service/share/ament_index/resource_index/packages/examples_rclcpp_minimal_service
[44.390s] -- Symlinking: /home/akhileshk/ros2_ws/install/examples_rclcpp_minimal_service/share/examples_rclcpp_minimal_service/cmake/examples_rclcpp_minimal_serviceConfig.cmake
[44.398s] -- Symlinking: /home/akhileshk/ros2_ws/install/examples_rclcpp_minimal_service/share/examples_rclcpp_minimal_service/cmake/examples_rclcpp_minimal_serviceConfig-version.cmake
[44.401s] -- Symlinking: /home/akhileshk/ros2_ws/install/examples_rclcpp_minimal_service/share/examples_rclcpp_minimal_service/package.xml
[44.416s] Invoked command in '/home/akhileshk/ros2_ws/build/examples_rclcpp_minimal_service' returned '0': CMAKE_PREFIX_PATH=/opt/ros/humble /usr/bin/cmake --install /home/akhileshk/ros2_ws/build/examples_rclcpp_minimal_service
