[0.031s] Invoking command in '/home/akhileshk/ros2_ws/build/examples_rclcpp_minimal_action_client': CMAKE_PREFIX_PATH=/opt/ros/humble /usr/bin/cmake /home/akhileshk/ros2_ws/src/examples/rclcpp/actions/minimal_action_client -DAMENT_CMAKE_SYMLINK_INSTALL=1 -DCMAKE_INSTALL_PREFIX=/home/akhileshk/ros2_ws/install/examples_rclcpp_minimal_action_client
[0.557s] -- The C compiler identification is GNU 11.4.0
[0.685s] -- The CXX compiler identification is GNU 11.4.0
[0.701s] -- Detecting C compiler ABI info
[0.836s] -- Detecting C compiler ABI info - done
[0.857s] -- Check for working C compiler: /usr/bin/cc - skipped
[0.858s] -- Detecting C compile features
[0.859s] -- Detecting C compile features - done
[0.865s] -- Detecting CXX compiler ABI info
[1.028s] -- Detecting CXX compiler ABI info - done
[1.047s] -- Check for working CXX compiler: /usr/bin/c++ - skipped
[1.048s] -- Detecting CXX compile features
[1.050s] -- Detecting CXX compile features - done
[1.055s] -- Found ament_cmake: 1.3.10 (/opt/ros/humble/share/ament_cmake/cmake)
[1.386s] -- Found Python3: /usr/bin/python3 (found version "3.10.12") found components: Interpreter 
[1.520s] -- Override CMake install command with custom implementation using symlinks instead of copying resources
[1.559s] -- Found example_interfaces: 0.9.3 (/opt/ros/humble/share/example_interfaces/cmake)
[1.618s] -- Found rosidl_generator_c: 3.1.5 (/opt/ros/humble/share/rosidl_generator_c/cmake)
[1.628s] -- Found rosidl_adapter: 3.1.5 (/opt/ros/humble/share/rosidl_adapter/cmake)
[1.643s] -- Found rosidl_generator_cpp: 3.1.5 (/opt/ros/humble/share/rosidl_generator_cpp/cmake)
[1.666s] -- Using all available rosidl_typesupport_c: rosidl_typesupport_fastrtps_c;rosidl_typesupport_introspection_c
[1.696s] -- Using all available rosidl_typesupport_cpp: rosidl_typesupport_fastrtps_cpp;rosidl_typesupport_introspection_cpp
[1.799s] -- Found rclcpp: 16.0.10 (/opt/ros/humble/share/rclcpp/cmake)
[1.866s] -- Found rmw_implementation_cmake: 6.1.2 (/opt/ros/humble/share/rmw_implementation_cmake/cmake)
[1.871s] -- Found rmw_fastrtps_cpp: 6.2.7 (/opt/ros/humble/share/rmw_fastrtps_cpp/cmake)
[2.033s] -- Found OpenSSL: /usr/lib/x86_64-linux-gnu/libcrypto.so (found version "3.0.2")  
[2.087s] -- Found FastRTPS: /opt/ros/humble/include  
[2.162s] -- Using RMW implementation 'rmw_fastrtps_cpp' as default
[2.175s] -- Looking for pthread.h
[2.717s] -- Looking for pthread.h - found
[2.726s] -- Performing Test CMAKE_HAVE_LIBC_PTHREAD
[2.882s] -- Performing Test CMAKE_HAVE_LIBC_PTHREAD - Success
[2.882s] -- Found Threads: TRUE  
[3.051s] -- Found rclcpp_action: 16.0.10 (/opt/ros/humble/share/rclcpp_action/cmake)
[3.323s] -- Found ament_lint_auto: 0.12.11 (/opt/ros/humble/share/ament_lint_auto/cmake)
[4.149s] -- Added test 'copyright' to check source files copyright and LICENSE
[4.156s] -- Added test 'cppcheck' to perform static code analysis on C / C++ code
[4.161s] -- Configured cppcheck include dirs: 
[4.161s] -- Configured cppcheck exclude dirs and/or files: 
[4.161s] -- Added test 'cpplint' to check C / C++ code against the Google style
[4.161s] -- Configured cpplint exclude dirs and/or files: 
[4.163s] -- Added test 'lint_cmake' to check CMake code style
[4.168s] -- Added test 'uncrustify' to check C / C++ code style
[4.169s] -- Configured uncrustify additional arguments: 
[4.170s] -- Added test 'xmllint' to check XML markup files
[4.175s] -- Configuring done
[4.351s] -- Generating done
[4.358s] -- Build files have been written to: /home/akhileshk/ros2_ws/build/examples_rclcpp_minimal_action_client
[4.406s] Invoked command in '/home/akhileshk/ros2_ws/build/examples_rclcpp_minimal_action_client' returned '0': CMAKE_PREFIX_PATH=/opt/ros/humble /usr/bin/cmake /home/akhileshk/ros2_ws/src/examples/rclcpp/actions/minimal_action_client -DAMENT_CMAKE_SYMLINK_INSTALL=1 -DCMAKE_INSTALL_PREFIX=/home/akhileshk/ros2_ws/install/examples_rclcpp_minimal_action_client
[4.408s] Invoking command in '/home/akhileshk/ros2_ws/build/examples_rclcpp_minimal_action_client': CMAKE_PREFIX_PATH=/opt/ros/humble /usr/bin/cmake --build /home/akhileshk/ros2_ws/build/examples_rclcpp_minimal_action_client -- -j8 -l8
[39.591s] [ 12%] [32mBuilding CXX object CMakeFiles/action_client_member_functions.dir/member_functions.cpp.o[0m
[39.595s] [ 25%] [32mBuilding CXX object CMakeFiles/action_client_not_composable.dir/not_composable.cpp.o[0m
[39.595s] [ 37%] [32mBuilding CXX object CMakeFiles/action_client_not_composable_with_cancel.dir/not_composable_with_cancel.cpp.o[0m
[39.596s] [ 50%] [32mBuilding CXX object CMakeFiles/action_client_not_composable_with_feedback.dir/not_composable_with_feedback.cpp.o[0m
[39.596s] [ 62%] [32m[1mLinking CXX executable action_client_not_composable[0m
[39.596s] [ 62%] Built target action_client_not_composable
[43.104s] [ 75%] [32m[1mLinking CXX executable action_client_not_composable_with_feedback[0m
[43.725s] [ 87%] [32m[1mLinking CXX executable action_client_member_functions[0m
[44.400s] [ 87%] Built target action_client_not_composable_with_feedback
[45.038s] [ 87%] Built target action_client_member_functions
[45.830s] [100%] [32m[1mLinking CXX executable action_client_not_composable_with_cancel[0m
[46.873s] [100%] Built target action_client_not_composable_with_cancel
[46.995s] Invoked command in '/home/akhileshk/ros2_ws/build/examples_rclcpp_minimal_action_client' returned '0': CMAKE_PREFIX_PATH=/opt/ros/humble /usr/bin/cmake --build /home/akhileshk/ros2_ws/build/examples_rclcpp_minimal_action_client -- -j8 -l8
[47.221s] Invoking command in '/home/akhileshk/ros2_ws/build/examples_rclcpp_minimal_action_client': CMAKE_PREFIX_PATH=/opt/ros/humble /usr/bin/cmake --install /home/akhileshk/ros2_ws/build/examples_rclcpp_minimal_action_client
[58.628s] -- Install configuration: ""
[58.629s] -- Execute custom install script
[58.629s] -- Symlinking: /home/akhileshk/ros2_ws/install/examples_rclcpp_minimal_action_client/lib/examples_rclcpp_minimal_action_client/action_client_member_functions
[58.629s] -- Symlinking: /home/akhileshk/ros2_ws/install/examples_rclcpp_minimal_action_client/lib/examples_rclcpp_minimal_action_client/action_client_not_composable
[58.629s] -- Symlinking: /home/akhileshk/ros2_ws/install/examples_rclcpp_minimal_action_client/lib/examples_rclcpp_minimal_action_client/action_client_not_composable_with_cancel
[58.629s] -- Symlinking: /home/akhileshk/ros2_ws/install/examples_rclcpp_minimal_action_client/lib/examples_rclcpp_minimal_action_client/action_client_not_composable_with_feedback
[58.629s] -- Symlinking: /home/akhileshk/ros2_ws/install/examples_rclcpp_minimal_action_client/share/ament_index/resource_index/package_run_dependencies/examples_rclcpp_minimal_action_client
[58.629s] -- Symlinking: /home/akhileshk/ros2_ws/install/examples_rclcpp_minimal_action_client/share/ament_index/resource_index/parent_prefix_path/examples_rclcpp_minimal_action_client
[58.629s] -- Symlinking: /home/akhileshk/ros2_ws/install/examples_rclcpp_minimal_action_client/share/examples_rclcpp_minimal_action_client/environment/ament_prefix_path.sh
[58.630s] -- Symlinking: /home/akhileshk/ros2_ws/install/examples_rclcpp_minimal_action_client/share/examples_rclcpp_minimal_action_client/environment/ament_prefix_path.dsv
[58.630s] -- Symlinking: /home/akhileshk/ros2_ws/install/examples_rclcpp_minimal_action_client/share/examples_rclcpp_minimal_action_client/environment/path.sh
[58.630s] -- Symlinking: /home/akhileshk/ros2_ws/install/examples_rclcpp_minimal_action_client/share/examples_rclcpp_minimal_action_client/environment/path.dsv
[58.630s] -- Symlinking: /home/akhileshk/ros2_ws/install/examples_rclcpp_minimal_action_client/share/examples_rclcpp_minimal_action_client/local_setup.bash
[58.630s] -- Symlinking: /home/akhileshk/ros2_ws/install/examples_rclcpp_minimal_action_client/share/examples_rclcpp_minimal_action_client/local_setup.sh
[58.630s] -- Symlinking: /home/akhileshk/ros2_ws/install/examples_rclcpp_minimal_action_client/share/examples_rclcpp_minimal_action_client/local_setup.zsh
[58.630s] -- Symlinking: /home/akhileshk/ros2_ws/install/examples_rclcpp_minimal_action_client/share/examples_rclcpp_minimal_action_client/local_setup.dsv
[58.631s] -- Symlinking: /home/akhileshk/ros2_ws/install/examples_rclcpp_minimal_action_client/share/examples_rclcpp_minimal_action_client/package.dsv
[58.631s] -- Symlinking: /home/akhileshk/ros2_ws/install/examples_rclcpp_minimal_action_client/share/ament_index/resource_index/packages/examples_rclcpp_minimal_action_client
[58.631s] -- Symlinking: /home/akhileshk/ros2_ws/install/examples_rclcpp_minimal_action_client/share/examples_rclcpp_minimal_action_client/cmake/examples_rclcpp_minimal_action_clientConfig.cmake
[58.631s] -- Symlinking: /home/akhileshk/ros2_ws/install/examples_rclcpp_minimal_action_client/share/examples_rclcpp_minimal_action_client/cmake/examples_rclcpp_minimal_action_clientConfig-version.cmake
[58.631s] -- Symlinking: /home/akhileshk/ros2_ws/install/examples_rclcpp_minimal_action_client/share/examples_rclcpp_minimal_action_client/package.xml
[58.634s] Invoked command in '/home/akhileshk/ros2_ws/build/examples_rclcpp_minimal_action_client' returned '0': CMAKE_PREFIX_PATH=/opt/ros/humble /usr/bin/cmake --install /home/akhileshk/ros2_ws/build/examples_rclcpp_minimal_action_client
