[3.553s] Invoking command in '/home/akhileshk/ros2_ws/build/examples_rclpy_minimal_publisher': PYTHONPATH=/home/akhileshk/ros2_ws/build/examples_rclpy_minimal_publisher/prefix_override:/usr/lib/python3/dist-packages/colcon_core/task/python/colcon_distutils_commands:/home/akhileshk/ros2_ws/install/examples_rclpy_minimal_publisher/lib/python3.10/site-packages:${PYTHONPATH} /usr/bin/python3 -W ignore:setup.py install is deprecated setup.py develop --editable --build-directory /home/akhileshk/ros2_ws/build/examples_rclpy_minimal_publisher/build --no-deps symlink_data
[4.270s] running develop
[4.271s] /usr/lib/python3/dist-packages/setuptools/command/easy_install.py:158: EasyInstallDeprecationWarning: easy_install command is deprecated. Use build and pip and other standards-based tools.
[4.271s]   warnings.warn(
[4.696s] running egg_info
[4.696s] creating examples_rclpy_minimal_publisher.egg-info
[4.696s] writing examples_rclpy_minimal_publisher.egg-info/PKG-INFO
[4.697s] writing dependency_links to examples_rclpy_minimal_publisher.egg-info/dependency_links.txt
[4.697s] writing entry points to examples_rclpy_minimal_publisher.egg-info/entry_points.txt
[4.702s] writing requirements to examples_rclpy_minimal_publisher.egg-info/requires.txt
[4.702s] writing top-level names to examples_rclpy_minimal_publisher.egg-info/top_level.txt
[4.702s] writing manifest file 'examples_rclpy_minimal_publisher.egg-info/SOURCES.txt'
[4.702s] reading manifest file 'examples_rclpy_minimal_publisher.egg-info/SOURCES.txt'
[4.703s] writing manifest file 'examples_rclpy_minimal_publisher.egg-info/SOURCES.txt'
[4.706s] running build_ext
[4.706s] Creating /home/akhileshk/ros2_ws/install/examples_rclpy_minimal_publisher/lib/python3.10/site-packages/examples-rclpy-minimal-publisher.egg-link (link to .)
[4.709s] Installing publisher_local_function script to /home/akhileshk/ros2_ws/install/examples_rclpy_minimal_publisher/lib/examples_rclpy_minimal_publisher
[4.709s] Installing publisher_member_function script to /home/akhileshk/ros2_ws/install/examples_rclpy_minimal_publisher/lib/examples_rclpy_minimal_publisher
[4.709s] Installing publisher_old_school script to /home/akhileshk/ros2_ws/install/examples_rclpy_minimal_publisher/lib/examples_rclpy_minimal_publisher
[4.709s] 
[4.709s] Installed /home/akhileshk/ros2_ws/build/examples_rclpy_minimal_publisher
[4.710s] running symlink_data
[4.710s] creating /home/akhileshk/ros2_ws/install/examples_rclpy_minimal_publisher/share/ament_index
[4.710s] creating /home/akhileshk/ros2_ws/install/examples_rclpy_minimal_publisher/share/ament_index/resource_index
[4.710s] creating /home/akhileshk/ros2_ws/install/examples_rclpy_minimal_publisher/share/ament_index/resource_index/packages
[4.710s] symbolically linking /home/akhileshk/ros2_ws/build/examples_rclpy_minimal_publisher/resource/examples_rclpy_minimal_publisher -> /home/akhileshk/ros2_ws/install/examples_rclpy_minimal_publisher/share/ament_index/resource_index/packages
[4.710s] symbolically linking /home/akhileshk/ros2_ws/build/examples_rclpy_minimal_publisher/package.xml -> /home/akhileshk/ros2_ws/install/examples_rclpy_minimal_publisher/share/examples_rclpy_minimal_publisher
[5.373s] Invoked command in '/home/akhileshk/ros2_ws/build/examples_rclpy_minimal_publisher' returned '0': PYTHONPATH=/home/akhileshk/ros2_ws/build/examples_rclpy_minimal_publisher/prefix_override:/usr/lib/python3/dist-packages/colcon_core/task/python/colcon_distutils_commands:/home/akhileshk/ros2_ws/install/examples_rclpy_minimal_publisher/lib/python3.10/site-packages:${PYTHONPATH} /usr/bin/python3 -W ignore:setup.py install is deprecated setup.py develop --editable --build-directory /home/akhileshk/ros2_ws/build/examples_rclpy_minimal_publisher/build --no-deps symlink_data
